Reading OpenROAD database at '/home/sachin/vlsi/uart-rtl-to-gdsii/runs/RUN_2026-06-17_14-25-36/37-openroad-repairantennas/1-diodeinsertion/uart_top.odb'…
Reading library file at '/home/sachin/.volare/volare/sky130/versions/0fe599b2afb6708d281543108caf8310912f54af/sky130A/libs.ref/sky130_fd_sc_hd/lib/sky130_fd_sc_hd__tt_025C_1v80.lib'…
Reading design constraints file at '/home/sachin/vlsi/uart-rtl-to-gdsii/rtl/uart.sdc'…
[INFO] No information on clock propagation in input SDC file-- propagating all clocks.
[INFO ORD-0030] Using 12 thread(s).
[INFO DRT-0149] Reading tech and libs.
[WARNING DRT-0349] LEF58_ENCLOSURE with no CUTCLASS is not supported. Skipping for layer mcon
[WARNING DRT-0349] LEF58_ENCLOSURE with no CUTCLASS is not supported. Skipping for layer mcon
[WARNING DRT-0349] LEF58_ENCLOSURE with no CUTCLASS is not supported. Skipping for layer via
[WARNING DRT-0349] LEF58_ENCLOSURE with no CUTCLASS is not supported. Skipping for layer via
[WARNING DRT-0349] LEF58_ENCLOSURE with no CUTCLASS is not supported. Skipping for layer via2
[WARNING DRT-0349] LEF58_ENCLOSURE with no CUTCLASS is not supported. Skipping for layer via2
[WARNING DRT-0349] LEF58_ENCLOSURE with no CUTCLASS is not supported. Skipping for layer via3
[WARNING DRT-0349] LEF58_ENCLOSURE with no CUTCLASS is not supported. Skipping for layer via3
[WARNING DRT-0349] LEF58_ENCLOSURE with no CUTCLASS is not supported. Skipping for layer via4
[WARNING DRT-0349] LEF58_ENCLOSURE with no CUTCLASS is not supported. Skipping for layer via4

Units:                1000
Number of layers:     13
Number of macros:     441
Number of vias:       28
Number of viarulegen: 25

[INFO DRT-0150] Reading design.

Design:                   uart_top
Die area:                 ( 0 0 ) ( 98135 108855 )
Number of track patterns: 12
Number of DEF vias:       0
Number of components:     600
Number of terminals:      25
Number of snets:          2
Number of nets:           439

[INFO DRT-0167] List of default vias:
  Layer via
    default via: M1M2_PR
  Layer via2
    default via: M2M3_PR
  Layer via3
    default via: M3M4_PR
  Layer via4
    default via: M4M5_PR
[INFO DRT-0162] Library cell analysis.
[INFO DRT-0163] Instance analysis.
[INFO DRT-0164] Number of unique instances = 127.
[INFO DRT-0168] Init region query.
[INFO DRT-0024]   Complete FR_MASTERSLICE.
[INFO DRT-0024]   Complete licon.
[INFO DRT-0024]   Complete li1.
[INFO DRT-0024]   Complete mcon.
[INFO DRT-0024]   Complete met1.
[INFO DRT-0024]   Complete via.
[INFO DRT-0024]   Complete met2.
[INFO DRT-0024]   Complete via2.
[INFO DRT-0024]   Complete met3.
[INFO DRT-0024]   Complete via3.
[INFO DRT-0024]   Complete met4.
[INFO DRT-0024]   Complete via4.
[INFO DRT-0024]   Complete met5.
[INFO DRT-0033] FR_MASTERSLICE shape region query size = 0.
[INFO DRT-0033] licon shape region query size = 0.
[INFO DRT-0033] li1 shape region query size = 18261.
[INFO DRT-0033] mcon shape region query size = 0.
[INFO DRT-0033] met1 shape region query size = 1777.
[INFO DRT-0033] via shape region query size = 165.
[INFO DRT-0033] met2 shape region query size = 109.
[INFO DRT-0033] via2 shape region query size = 132.
[INFO DRT-0033] met3 shape region query size = 112.
[INFO DRT-0033] via3 shape region query size = 132.
[INFO DRT-0033] met4 shape region query size = 37.
[INFO DRT-0033] via4 shape region query size = 0.
[INFO DRT-0033] met5 shape region query size = 0.
[INFO DRT-0165] Start pin access.
[INFO DRT-0078]   Complete 444 pins.
[INFO DRT-0079]   Complete 100 unique inst patterns.
[INFO DRT-0081]   Complete 121 unique inst patterns.
[INFO DRT-0084]   Complete 259 groups.
#scanned instances     = 600
#unique  instances     = 127
#stdCellGenAp          = 3397
#stdCellValidPlanarAp  = 7
#stdCellValidViaAp     = 2590
#stdCellPinNoAp        = 0
#stdCellPinCnt         = 1312
#instTermValidViaApCnt = 0
#macroGenAp            = 0
#macroValidPlanarAp    = 0
#macroValidViaAp       = 0
#macroNoAp             = 0
[INFO DRT-0166] Complete pin access.
[INFO DRT-0267] cpu time = 00:00:29, elapsed time = 00:00:02, memory = 141.04 (MB), peak = 141.04 (MB)

[INFO DRT-0157] Number of guides:     2713

[INFO DRT-0169] Post process guides.
[INFO DRT-0176] GCELLGRID X 0 DO 14 STEP 6900 ;
[INFO DRT-0177] GCELLGRID Y 0 DO 15 STEP 6900 ;
[INFO DRT-0028]   Complete FR_MASTERSLICE.
[INFO DRT-0028]   Complete licon.
[INFO DRT-0028]   Complete li1.
[INFO DRT-0028]   Complete mcon.
[INFO DRT-0028]   Complete met1.
[INFO DRT-0028]   Complete via.
[INFO DRT-0028]   Complete met2.
[INFO DRT-0028]   Complete via2.
[INFO DRT-0028]   Complete met3.
[INFO DRT-0028]   Complete via3.
[INFO DRT-0028]   Complete met4.
[INFO DRT-0028]   Complete via4.
[INFO DRT-0028]   Complete met5.
[INFO DRT-0178] Init guide query.
[INFO DRT-0035]   Complete FR_MASTERSLICE (guide).
[INFO DRT-0035]   Complete licon (guide).
[INFO DRT-0035]   Complete li1 (guide).
[INFO DRT-0035]   Complete mcon (guide).
[INFO DRT-0035]   Complete met1 (guide).
[INFO DRT-0035]   Complete via (guide).
[INFO DRT-0035]   Complete met2 (guide).
[INFO DRT-0035]   Complete via2 (guide).
[INFO DRT-0035]   Complete met3 (guide).
[INFO DRT-0035]   Complete via3 (guide).
[INFO DRT-0035]   Complete met4 (guide).
[INFO DRT-0035]   Complete via4 (guide).
[INFO DRT-0035]   Complete met5 (guide).
[INFO DRT-0036] FR_MASTERSLICE guide region query size = 0.
[INFO DRT-0036] licon guide region query size = 0.
[INFO DRT-0036] li1 guide region query size = 1020.
[INFO DRT-0036] mcon guide region query size = 0.
[INFO DRT-0036] met1 guide region query size = 733.
[INFO DRT-0036] via guide region query size = 0.
[INFO DRT-0036] met2 guide region query size = 369.
[INFO DRT-0036] via2 guide region query size = 0.
[INFO DRT-0036] met3 guide region query size = 13.
[INFO DRT-0036] via3 guide region query size = 0.
[INFO DRT-0036] met4 guide region query size = 0.
[INFO DRT-0036] via4 guide region query size = 0.
[INFO DRT-0036] met5 guide region query size = 0.
[INFO DRT-0179] Init gr pin query.
[INFO DRT-0245] skipped writing guide updates to database.
[INFO DRT-0185] Post process initialize RPin region query.
[INFO DRT-0181] Start track assignment.
[INFO DRT-0184] Done with 1389 vertical wires in 1 frboxes and 746 horizontal wires in 1 frboxes.
[INFO DRT-0186] Done with 98 vertical wires in 1 frboxes and 178 horizontal wires in 1 frboxes.
[INFO DRT-0182] Complete track assignment.
[INFO DRT-0267] cpu time = 00:00:02, elapsed time = 00:00:00, memory = 149.22 (MB), peak = 149.22 (MB)
[INFO DRT-0187] Start routing data preparation.
[INFO DRT-0267] cpu time = 00:00:00, elapsed time = 00:00:00, memory = 149.22 (MB), peak = 149.22 (MB)
[INFO DRT-0194] Start detail routing.
[INFO DRT-0195] Start 0th optimization iteration.
    Completing 10% with 0 violations.
    elapsed time = 00:00:00, memory = 149.47 (MB).
    Completing 20% with 0 violations.
    elapsed time = 00:00:00, memory = 157.85 (MB).
    Completing 30% with 9 violations.
    elapsed time = 00:00:01, memory = 160.09 (MB).
    Completing 40% with 15 violations.
    elapsed time = 00:00:01, memory = 160.09 (MB).
    Completing 50% with 15 violations.
    elapsed time = 00:00:01, memory = 173.71 (MB).
    Completing 60% with 22 violations.
    elapsed time = 00:00:02, memory = 173.75 (MB).
[INFO DRT-0199]   Number of violations = 35.
Viol/Layer        mcon   met1   met2   met3
Cut Spacing          1      0      0      0
Metal Spacing        0     13      1      3
Recheck              0      5      0      0
Short                0     10      2      0
[INFO DRT-0267] cpu time = 00:00:13, elapsed time = 00:00:03, memory = 535.88 (MB), peak = 535.88 (MB)
Total wire length = 6426 um.
Total wire length on LAYER li1 = 0 um.
Total wire length on LAYER met1 = 3451 um.
Total wire length on LAYER met2 = 2935 um.
Total wire length on LAYER met3 = 39 um.
Total wire length on LAYER met4 = 0 um.
Total wire length on LAYER met5 = 0 um.
Total number of vias = 2504.
Up-via summary (total 2504):

-----------------------
 FR_MASTERSLICE       0
            li1    1312
           met1    1179
           met2      13
           met3       0
           met4       0
-----------------------
                   2504


[INFO DRT-0195] Start 1st optimization iteration.
    Completing 10% with 35 violations.
    elapsed time = 00:00:00, memory = 539.25 (MB).
    Completing 20% with 35 violations.
    elapsed time = 00:00:00, memory = 541.00 (MB).
    Completing 30% with 35 violations.
    elapsed time = 00:00:00, memory = 541.25 (MB).
    Completing 40% with 35 violations.
    elapsed time = 00:00:00, memory = 541.25 (MB).
    Completing 50% with 30 violations.
    elapsed time = 00:00:00, memory = 543.88 (MB).
    Completing 60% with 30 violations.
    elapsed time = 00:00:00, memory = 545.50 (MB).
    Completing 70% with 23 violations.
    elapsed time = 00:00:01, memory = 550.75 (MB).
    Completing 80% with 23 violations.
    elapsed time = 00:00:01, memory = 550.75 (MB).
    Completing 90% with 17 violations.
    elapsed time = 00:00:02, memory = 550.75 (MB).
    Completing 100% with 10 violations.
    elapsed time = 00:00:02, memory = 550.75 (MB).
[INFO DRT-0199]   Number of violations = 10.
Viol/Layer        met1
Metal Spacing        1
Short                9
[INFO DRT-0267] cpu time = 00:00:13, elapsed time = 00:00:02, memory = 551.00 (MB), peak = 575.38 (MB)
Total wire length = 6396 um.
Total wire length on LAYER li1 = 0 um.
Total wire length on LAYER met1 = 3436 um.
Total wire length on LAYER met2 = 2919 um.
Total wire length on LAYER met3 = 41 um.
Total wire length on LAYER met4 = 0 um.
Total wire length on LAYER met5 = 0 um.
Total number of vias = 2515.
Up-via summary (total 2515):

-----------------------
 FR_MASTERSLICE       0
            li1    1311
           met1    1191
           met2      13
           met3       0
           met4       0
-----------------------
                   2515


[INFO DRT-0195] Start 2nd optimization iteration.
    Completing 10% with 10 violations.
    elapsed time = 00:00:00, memory = 551.00 (MB).
    Completing 20% with 10 violations.
    elapsed time = 00:00:00, memory = 552.88 (MB).
    Completing 30% with 10 violations.
    elapsed time = 00:00:00, memory = 553.12 (MB).
    Completing 40% with 10 violations.
    elapsed time = 00:00:00, memory = 564.88 (MB).
    Completing 50% with 6 violations.
    elapsed time = 00:00:00, memory = 564.88 (MB).
    Completing 60% with 6 violations.
    elapsed time = 00:00:00, memory = 564.88 (MB).
    Completing 70% with 6 violations.
    elapsed time = 00:00:00, memory = 564.88 (MB).
    Completing 80% with 6 violations.
    elapsed time = 00:00:00, memory = 581.62 (MB).
    Completing 90% with 3 violations.
    elapsed time = 00:00:01, memory = 617.25 (MB).
    Completing 100% with 3 violations.
    elapsed time = 00:00:01, memory = 617.25 (MB).
[INFO DRT-0199]   Number of violations = 3.
Viol/Layer        met1
Metal Spacing        2
Short                1
[INFO DRT-0267] cpu time = 00:00:09, elapsed time = 00:00:02, memory = 617.38 (MB), peak = 617.38 (MB)
Total wire length = 6399 um.
Total wire length on LAYER li1 = 0 um.
Total wire length on LAYER met1 = 3445 um.
Total wire length on LAYER met2 = 2913 um.
Total wire length on LAYER met3 = 41 um.
Total wire length on LAYER met4 = 0 um.
Total wire length on LAYER met5 = 0 um.
Total number of vias = 2520.
Up-via summary (total 2520):

-----------------------
 FR_MASTERSLICE       0
            li1    1311
           met1    1196
           met2      13
           met3       0
           met4       0
-----------------------
                   2520


[INFO DRT-0195] Start 3rd optimization iteration.
    Completing 10% with 3 violations.
    elapsed time = 00:00:00, memory = 617.38 (MB).
    Completing 20% with 3 violations.
    elapsed time = 00:00:00, memory = 643.12 (MB).
    Completing 30% with 2 violations.
    elapsed time = 00:00:00, memory = 653.25 (MB).
    Completing 40% with 1 violations.
    elapsed time = 00:00:00, memory = 653.25 (MB).
    Completing 50% with 1 violations.
    elapsed time = 00:00:00, memory = 653.25 (MB).
    Completing 60% with 0 violations.
    elapsed time = 00:00:00, memory = 653.25 (MB).
[INFO DRT-0199]   Number of violations = 0.
[INFO DRT-0267] cpu time = 00:00:10, elapsed time = 00:00:01, memory = 653.25 (MB), peak = 653.25 (MB)
Total wire length = 6394 um.
Total wire length on LAYER li1 = 0 um.
Total wire length on LAYER met1 = 3417 um.
Total wire length on LAYER met2 = 2919 um.
Total wire length on LAYER met3 = 57 um.
Total wire length on LAYER met4 = 0 um.
Total wire length on LAYER met5 = 0 um.
Total number of vias = 2525.
Up-via summary (total 2525):

-----------------------
 FR_MASTERSLICE       0
            li1    1311
           met1    1195
           met2      19
           met3       0
           met4       0
-----------------------
                   2525


[INFO DRT-0198] Complete detail routing.
Total wire length = 6394 um.
Total wire length on LAYER li1 = 0 um.
Total wire length on LAYER met1 = 3417 um.
Total wire length on LAYER met2 = 2919 um.
Total wire length on LAYER met3 = 57 um.
Total wire length on LAYER met4 = 0 um.
Total wire length on LAYER met5 = 0 um.
Total number of vias = 2525.
Up-via summary (total 2525):

-----------------------
 FR_MASTERSLICE       0
            li1    1311
           met1    1195
           met2      19
           met3       0
           met4       0
-----------------------
                   2525


[INFO DRT-0267] cpu time = 00:00:47, elapsed time = 00:00:09, memory = 653.25 (MB), peak = 653.25 (MB)

[INFO DRT-0180] Post processing.
Setting global connections for newly added cells…
[INFO] Setting global connections...
Updating metrics…
Cell type report:                       Count       Area
  Fill cell                                64     240.23
  Tap cell                                102     127.62
  Clock buffer                             12     260.25
  Timing Repair Buffer                    151    1378.82
  Inverter                                 16      60.06
  Clock inverter                            4      95.09
  Sequential cell                          60    1204.91
  Multi-Input combinational cell          191    1521.46
  Total                                   600    4888.44
Writing OpenROAD database to '/home/sachin/vlsi/uart-rtl-to-gdsii/runs/RUN_2026-06-17_14-25-36/39-openroad-detailedrouting/uart_top.odb'…
Writing netlist to '/home/sachin/vlsi/uart-rtl-to-gdsii/runs/RUN_2026-06-17_14-25-36/39-openroad-detailedrouting/uart_top.nl.v'…
Writing powered netlist to '/home/sachin/vlsi/uart-rtl-to-gdsii/runs/RUN_2026-06-17_14-25-36/39-openroad-detailedrouting/uart_top.pnl.v'…
Writing layout to '/home/sachin/vlsi/uart-rtl-to-gdsii/runs/RUN_2026-06-17_14-25-36/39-openroad-detailedrouting/uart_top.def'…
Writing timing constraints to '/home/sachin/vlsi/uart-rtl-to-gdsii/runs/RUN_2026-06-17_14-25-36/39-openroad-detailedrouting/uart_top.sdc'…
