Reading OpenROAD database at '/home/sachin/vlsi/uart-rtl-to-gdsii/runs/RUN_2026-06-17_14-25-36/27-openroad-repairdesignpostgpl/uart_top.odb'…
Reading library file at '/home/sachin/.volare/volare/sky130/versions/0fe599b2afb6708d281543108caf8310912f54af/sky130A/libs.ref/sky130_fd_sc_hd/lib/sky130_fd_sc_hd__tt_025C_1v80.lib'…
Reading design constraints file at '/home/sachin/vlsi/uart-rtl-to-gdsii/rtl/uart.sdc'…
[INFO] No information on clock propagation in input SDC file-- propagating all clocks.
Placement Analysis
---------------------------------
total displacement          0.0 u
average displacement        0.0 u
max displacement            0.0 u
original HPWL            3925.2 u
legalized HPWL           4127.8 u
delta HPWL                    5 %

[INFO DPL-0020] Mirrored 116 instances
[INFO DPL-0021] HPWL before            4127.8 u
[INFO DPL-0022] HPWL after             3925.2 u
[INFO DPL-0023] HPWL delta               -4.9 %
Setting global connections for newly added cells…
[INFO] Setting global connections...
Updating metrics…
Cell type report:                       Count       Area
  Fill cell                                64     240.23
  Tap cell                                102     127.62
  Timing Repair Buffer                     22      87.58
  Inverter                                 16      60.06
  Sequential cell                          60    1204.91
  Multi-Input combinational cell          191    1521.46
  Total                                   455    3241.86
Writing OpenROAD database to '/home/sachin/vlsi/uart-rtl-to-gdsii/runs/RUN_2026-06-17_14-25-36/29-openroad-detailedplacement/uart_top.odb'…
Writing netlist to '/home/sachin/vlsi/uart-rtl-to-gdsii/runs/RUN_2026-06-17_14-25-36/29-openroad-detailedplacement/uart_top.nl.v'…
Writing powered netlist to '/home/sachin/vlsi/uart-rtl-to-gdsii/runs/RUN_2026-06-17_14-25-36/29-openroad-detailedplacement/uart_top.pnl.v'…
Writing layout to '/home/sachin/vlsi/uart-rtl-to-gdsii/runs/RUN_2026-06-17_14-25-36/29-openroad-detailedplacement/uart_top.def'…
Writing timing constraints to '/home/sachin/vlsi/uart-rtl-to-gdsii/runs/RUN_2026-06-17_14-25-36/29-openroad-detailedplacement/uart_top.sdc'…
