Reading library file at '/home/sachin/.volare/volare/sky130/versions/0fe599b2afb6708d281543108caf8310912f54af/sky130A/libs.ref/sky130_fd_sc_hd/lib/sky130_fd_sc_hd__tt_025C_1v80.lib'…
Reading technology LEF file at '/home/sachin/.volare/volare/sky130/versions/0fe599b2afb6708d281543108caf8310912f54af/sky130A/libs.ref/sky130_fd_sc_hd/techlef/sky130_fd_sc_hd__nom.tlef'…
[INFO ODB-0227] LEF file: /home/sachin/.volare/volare/sky130/versions/0fe599b2afb6708d281543108caf8310912f54af/sky130A/libs.ref/sky130_fd_sc_hd/techlef/sky130_fd_sc_hd__nom.tlef, created 14 layers, 25 vias
Reading cell LEF file at '/home/sachin/.volare/volare/sky130/versions/0fe599b2afb6708d281543108caf8310912f54af/sky130A/libs.ref/sky130_fd_sc_hd/lef/sky130_fd_sc_hd.lef'…
[WARNING ODB-0220] WARNING (LEFPARS-2008): NOWIREEXTENSIONATPIN statement is obsolete in version 5.6 or later.
The NOWIREEXTENSIONATPIN statement will be ignored. See file /home/sachin/.volare/volare/sky130/versions/0fe599b2afb6708d281543108caf8310912f54af/sky130A/libs.ref/sky130_fd_sc_hd/lef/sky130_fd_sc_hd.lef at line 2.

[INFO ODB-0227] LEF file: /home/sachin/.volare/volare/sky130/versions/0fe599b2afb6708d281543108caf8310912f54af/sky130A/libs.ref/sky130_fd_sc_hd/lef/sky130_fd_sc_hd.lef, created 437 library cells
Reading cell LEF file at '/home/sachin/.volare/volare/sky130/versions/0fe599b2afb6708d281543108caf8310912f54af/sky130A/libs.ref/sky130_fd_sc_hd/lef/sky130_ef_sc_hd.lef'…
[WARNING ODB-0220] WARNING (LEFPARS-2008): NOWIREEXTENSIONATPIN statement is obsolete in version 5.6 or later.
The NOWIREEXTENSIONATPIN statement will be ignored. See file /home/sachin/.volare/volare/sky130/versions/0fe599b2afb6708d281543108caf8310912f54af/sky130A/libs.ref/sky130_fd_sc_hd/lef/sky130_ef_sc_hd.lef at line 2.

[INFO ODB-0227] LEF file: /home/sachin/.volare/volare/sky130/versions/0fe599b2afb6708d281543108caf8310912f54af/sky130A/libs.ref/sky130_fd_sc_hd/lef/sky130_ef_sc_hd.lef, created 4 library cells
Reading top-level netlist at '/home/sachin/vlsi/uart-rtl-to-gdsii/runs/RUN_2026-06-17_14-25-36/02-yosys-synthesis/uart_top.nl.v'…
Linking design 'uart_top' from netlist…
Reading design constraints file at '/home/sachin/vlsi/uart-rtl-to-gdsii/rtl/uart.sdc'…
[INFO] No information on clock propagation in input SDC file-- propagating all clocks.
Using site height: 2.72 and site width: 0.46…
[INFO] Using relative sizing for the floorplan.
[INFO IFP-0001] Added 32 rows of 189 site unithd.
[INFO IFP-0030] Inserted 0 tiecells using sky130_fd_sc_hd__conb_1/LO.
[INFO IFP-0030] Inserted 0 tiecells using sky130_fd_sc_hd__conb_1/HI.
[INFO] Extracting DIE_AREA and CORE_AREA from the floorplan
[INFO] Floorplanned on a die area of 0.0 0.0 98.135 108.855 (µm).
[INFO] Floorplanned on a core area of 5.52 10.88 92.46 97.92 (µm).
Writing metric design__die__bbox: 0.0 0.0 98.135 108.855
Writing metric design__core__bbox: 5.52 10.88 92.46 97.92
Setting global connections for newly added cells…
[INFO] Setting global connections...
Updating metrics…
Cell type report:                       Count       Area
  Inverter                                 16      60.06
  Sequential cell                          60    1276.22
  Multi-Input combinational cell          191    1697.88
  Total                                   267    3034.16
Writing OpenROAD database to '/home/sachin/vlsi/uart-rtl-to-gdsii/runs/RUN_2026-06-17_14-25-36/09-openroad-floorplan/uart_top.odb'…
Writing netlist to '/home/sachin/vlsi/uart-rtl-to-gdsii/runs/RUN_2026-06-17_14-25-36/09-openroad-floorplan/uart_top.nl.v'…
Writing powered netlist to '/home/sachin/vlsi/uart-rtl-to-gdsii/runs/RUN_2026-06-17_14-25-36/09-openroad-floorplan/uart_top.pnl.v'…
Writing layout to '/home/sachin/vlsi/uart-rtl-to-gdsii/runs/RUN_2026-06-17_14-25-36/09-openroad-floorplan/uart_top.def'…
Writing timing constraints to '/home/sachin/vlsi/uart-rtl-to-gdsii/runs/RUN_2026-06-17_14-25-36/09-openroad-floorplan/uart_top.sdc'…
