
 /----------------------------------------------------------------------------\
 |  yosys -- Yosys Open SYnthesis Suite                                       |
 |  Copyright (C) 2012 - 2024  Claire Xenia Wolf <claire@yosyshq.com>         |
 |  Distributed under an ISC-like license, type "license" to see terms        |
 \----------------------------------------------------------------------------/
 Yosys 0.46 (git sha1 e97731b9dda91fa5fa53ed87df7c34163ba59a41, clang++ 17.0.6 -fPIC -O3)
Loaded SDC plugin

1. Executing Liberty frontend: /home/sachin/.volare/volare/sky130/versions/0fe599b2afb6708d281543108caf8310912f54af/sky130A/libs.ref/sky130_fd_sc_hd/lib/sky130_fd_sc_hd__tt_025C_1v80.lib
Imported 428 cell types from liberty file.
[INFO] Using SDC file '/home/sachin/vlsi/uart-rtl-to-gdsii/runs/RUN_2026-06-11_16-06-53/01-yosys-synthesis/synthesis.abc.sdc' for ABC…

2. Executing Verilog-2005 frontend: /home/sachin/vlsi/uart-rtl-to-gdsii/rtl/uart_top.v
Parsing SystemVerilog input from `/home/sachin/vlsi/uart-rtl-to-gdsii/rtl/uart_top.v' to AST representation.
Storing AST representation for module `$abstract\uart_top'.
Successfully finished Verilog frontend.

3. Executing Verilog-2005 frontend: /home/sachin/vlsi/uart-rtl-to-gdsii/rtl/uart_tx.v
Parsing SystemVerilog input from `/home/sachin/vlsi/uart-rtl-to-gdsii/rtl/uart_tx.v' to AST representation.
Storing AST representation for module `$abstract\uart_tx'.
Successfully finished Verilog frontend.

4. Executing Verilog-2005 frontend: /home/sachin/vlsi/uart-rtl-to-gdsii/rtl/uart_rx.v
Parsing SystemVerilog input from `/home/sachin/vlsi/uart-rtl-to-gdsii/rtl/uart_rx.v' to AST representation.
Storing AST representation for module `$abstract\uart_rx'.
Successfully finished Verilog frontend.

5. Executing HIERARCHY pass (managing design hierarchy).

6. Executing AST frontend in derive mode using pre-parsed AST for module `\uart_top'.
Generating RTLIL representation for module `\uart_top'.

6.1. Analyzing design hierarchy..
Top module:  \uart_top
Parameter \CLKS_PER_BIT = 5208

6.2. Executing AST frontend in derive mode using pre-parsed AST for module `\uart_rx'.
Parameter \CLKS_PER_BIT = 5208
Generating RTLIL representation for module `$paramod\uart_rx\CLKS_PER_BIT=s32'00000000000000000001010001011000'.
Parameter \CLKS_PER_BIT = 5208

6.3. Executing AST frontend in derive mode using pre-parsed AST for module `\uart_tx'.
Parameter \CLKS_PER_BIT = 5208
Generating RTLIL representation for module `$paramod\uart_tx\CLKS_PER_BIT=s32'00000000000000000001010001011000'.

6.4. Analyzing design hierarchy..
Top module:  \uart_top
Used module:     $paramod\uart_rx\CLKS_PER_BIT=s32'00000000000000000001010001011000
Used module:     $paramod\uart_tx\CLKS_PER_BIT=s32'00000000000000000001010001011000

6.5. Analyzing design hierarchy..
Top module:  \uart_top
Used module:     $paramod\uart_rx\CLKS_PER_BIT=s32'00000000000000000001010001011000
Used module:     $paramod\uart_tx\CLKS_PER_BIT=s32'00000000000000000001010001011000
Removing unused module `$abstract\uart_rx'.
Removing unused module `$abstract\uart_tx'.
Removing unused module `$abstract\uart_top'.
Removed 3 unused modules.
Renaming module uart_top to uart_top.

7. Generating Graphviz representation of design.
Writing dot description to `/home/sachin/vlsi/uart-rtl-to-gdsii/runs/RUN_2026-06-11_16-06-53/01-yosys-synthesis/hierarchy.dot'.
Dumping module uart_top to page 1.

8. Executing TRIBUF pass.

9. Executing HIERARCHY pass (managing design hierarchy).

9.1. Analyzing design hierarchy..
Top module:  \uart_top
Used module:     $paramod\uart_rx\CLKS_PER_BIT=s32'00000000000000000001010001011000
Used module:     $paramod\uart_tx\CLKS_PER_BIT=s32'00000000000000000001010001011000

9.2. Analyzing design hierarchy..
Top module:  \uart_top
Used module:     $paramod\uart_rx\CLKS_PER_BIT=s32'00000000000000000001010001011000
Used module:     $paramod\uart_tx\CLKS_PER_BIT=s32'00000000000000000001010001011000
Removed 0 unused modules.

10. Executing PROC_CLEAN pass (remove empty switches from decision trees).
Cleaned up 0 empty switches.

11. Executing PROC_RMDEAD pass (remove dead branches from decision trees).
Removed 1 dead cases from process $proc$/home/sachin/vlsi/uart-rtl-to-gdsii/rtl/uart_rx.v:20$3 in module $paramod\uart_rx\CLKS_PER_BIT=s32'00000000000000000001010001011000.
Marked 7 switch rules as full_case in process $proc$/home/sachin/vlsi/uart-rtl-to-gdsii/rtl/uart_rx.v:20$3 in module $paramod\uart_rx\CLKS_PER_BIT=s32'00000000000000000001010001011000.
Removed 1 dead cases from process $proc$/home/sachin/vlsi/uart-rtl-to-gdsii/rtl/uart_tx.v:23$30 in module $paramod\uart_tx\CLKS_PER_BIT=s32'00000000000000000001010001011000.
Marked 6 switch rules as full_case in process $proc$/home/sachin/vlsi/uart-rtl-to-gdsii/rtl/uart_tx.v:23$30 in module $paramod\uart_tx\CLKS_PER_BIT=s32'00000000000000000001010001011000.
Removed a total of 2 dead cases.

12. Executing PROC_PRUNE pass (remove redundant assignments in processes).
Removed 4 redundant assignments.
Promoted 3 assignments to connections.

13. Executing PROC_INIT pass (extract init attributes).

14. Executing PROC_ARST pass (detect async resets in processes).

15. Executing PROC_ROM pass (convert switches to ROMs).
Converted 0 switches.
<suppressed ~15 debug messages>

16. Executing PROC_MUX pass (convert decision trees to multiplexers).
Creating decoders for process `$paramod\uart_rx\CLKS_PER_BIT=s32'00000000000000000001010001011000.$proc$/home/sachin/vlsi/uart-rtl-to-gdsii/rtl/uart_rx.v:20$3'.
     1/10: $3$lookahead\rx_data$2[7:0]$17
     2/10: $3$bitselwrite$pos$/home/sachin/vlsi/uart-rtl-to-gdsii/rtl/uart_rx.v:58$1[2:0]$16
     3/10: $2$lookahead\rx_data$2[7:0]$10
     4/10: $2$bitselwrite$pos$/home/sachin/vlsi/uart-rtl-to-gdsii/rtl/uart_rx.v:58$1[2:0]$9
     5/10: $0\rx_done[0:0]
     6/10: $1$lookahead\rx_data$2[7:0]$8
     7/10: $1$bitselwrite$pos$/home/sachin/vlsi/uart-rtl-to-gdsii/rtl/uart_rx.v:58$1[2:0]$7
     8/10: $0\bit_index[2:0]
     9/10: $0\clk_count[13:0]
    10/10: $0\state[1:0]
Creating decoders for process `$paramod\uart_tx\CLKS_PER_BIT=s32'00000000000000000001010001011000.$proc$/home/sachin/vlsi/uart-rtl-to-gdsii/rtl/uart_tx.v:23$30'.
     1/6: $0\clk_count[12:0]
     2/6: $0\tx_done[0:0]
     3/6: $0\tx_out[0:0]
     4/6: $0\tx_data_latch[7:0]
     5/6: $0\bit_index[2:0]
     6/6: $0\state[1:0]

17. Executing PROC_DLATCH pass (convert process syncs to latches).

18. Executing PROC_DFF pass (convert process syncs to FFs).
Creating register for signal `$paramod\uart_rx\CLKS_PER_BIT=s32'00000000000000000001010001011000.\rx_data' using process `$paramod\uart_rx\CLKS_PER_BIT=s32'00000000000000000001010001011000.$proc$/home/sachin/vlsi/uart-rtl-to-gdsii/rtl/uart_rx.v:20$3'.
  created $dff cell `$procdff$225' with positive edge clock.
Creating register for signal `$paramod\uart_rx\CLKS_PER_BIT=s32'00000000000000000001010001011000.\rx_done' using process `$paramod\uart_rx\CLKS_PER_BIT=s32'00000000000000000001010001011000.$proc$/home/sachin/vlsi/uart-rtl-to-gdsii/rtl/uart_rx.v:20$3'.
  created $dff cell `$procdff$226' with positive edge clock.
Creating register for signal `$paramod\uart_rx\CLKS_PER_BIT=s32'00000000000000000001010001011000.\state' using process `$paramod\uart_rx\CLKS_PER_BIT=s32'00000000000000000001010001011000.$proc$/home/sachin/vlsi/uart-rtl-to-gdsii/rtl/uart_rx.v:20$3'.
  created $dff cell `$procdff$227' with positive edge clock.
Creating register for signal `$paramod\uart_rx\CLKS_PER_BIT=s32'00000000000000000001010001011000.\clk_count' using process `$paramod\uart_rx\CLKS_PER_BIT=s32'00000000000000000001010001011000.$proc$/home/sachin/vlsi/uart-rtl-to-gdsii/rtl/uart_rx.v:20$3'.
  created $dff cell `$procdff$228' with positive edge clock.
Creating register for signal `$paramod\uart_rx\CLKS_PER_BIT=s32'00000000000000000001010001011000.\bit_index' using process `$paramod\uart_rx\CLKS_PER_BIT=s32'00000000000000000001010001011000.$proc$/home/sachin/vlsi/uart-rtl-to-gdsii/rtl/uart_rx.v:20$3'.
  created $dff cell `$procdff$229' with positive edge clock.
Creating register for signal `$paramod\uart_rx\CLKS_PER_BIT=s32'00000000000000000001010001011000.$bitselwrite$pos$/home/sachin/vlsi/uart-rtl-to-gdsii/rtl/uart_rx.v:58$1' using process `$paramod\uart_rx\CLKS_PER_BIT=s32'00000000000000000001010001011000.$proc$/home/sachin/vlsi/uart-rtl-to-gdsii/rtl/uart_rx.v:20$3'.
  created $dff cell `$procdff$230' with positive edge clock.
Creating register for signal `$paramod\uart_rx\CLKS_PER_BIT=s32'00000000000000000001010001011000.$lookahead\rx_data$2' using process `$paramod\uart_rx\CLKS_PER_BIT=s32'00000000000000000001010001011000.$proc$/home/sachin/vlsi/uart-rtl-to-gdsii/rtl/uart_rx.v:20$3'.
  created $dff cell `$procdff$231' with positive edge clock.
Creating register for signal `$paramod\uart_tx\CLKS_PER_BIT=s32'00000000000000000001010001011000.\tx_out' using process `$paramod\uart_tx\CLKS_PER_BIT=s32'00000000000000000001010001011000.$proc$/home/sachin/vlsi/uart-rtl-to-gdsii/rtl/uart_tx.v:23$30'.
  created $dff cell `$procdff$232' with positive edge clock.
Creating register for signal `$paramod\uart_tx\CLKS_PER_BIT=s32'00000000000000000001010001011000.\tx_done' using process `$paramod\uart_tx\CLKS_PER_BIT=s32'00000000000000000001010001011000.$proc$/home/sachin/vlsi/uart-rtl-to-gdsii/rtl/uart_tx.v:23$30'.
  created $dff cell `$procdff$233' with positive edge clock.
Creating register for signal `$paramod\uart_tx\CLKS_PER_BIT=s32'00000000000000000001010001011000.\state' using process `$paramod\uart_tx\CLKS_PER_BIT=s32'00000000000000000001010001011000.$proc$/home/sachin/vlsi/uart-rtl-to-gdsii/rtl/uart_tx.v:23$30'.
  created $dff cell `$procdff$234' with positive edge clock.
Creating register for signal `$paramod\uart_tx\CLKS_PER_BIT=s32'00000000000000000001010001011000.\clk_count' using process `$paramod\uart_tx\CLKS_PER_BIT=s32'00000000000000000001010001011000.$proc$/home/sachin/vlsi/uart-rtl-to-gdsii/rtl/uart_tx.v:23$30'.
  created $dff cell `$procdff$235' with positive edge clock.
Creating register for signal `$paramod\uart_tx\CLKS_PER_BIT=s32'00000000000000000001010001011000.\bit_index' using process `$paramod\uart_tx\CLKS_PER_BIT=s32'00000000000000000001010001011000.$proc$/home/sachin/vlsi/uart-rtl-to-gdsii/rtl/uart_tx.v:23$30'.
  created $dff cell `$procdff$236' with positive edge clock.
Creating register for signal `$paramod\uart_tx\CLKS_PER_BIT=s32'00000000000000000001010001011000.\tx_data_latch' using process `$paramod\uart_tx\CLKS_PER_BIT=s32'00000000000000000001010001011000.$proc$/home/sachin/vlsi/uart-rtl-to-gdsii/rtl/uart_tx.v:23$30'.
  created $dff cell `$procdff$237' with positive edge clock.

19. Executing PROC_MEMWR pass (convert process memory writes to cells).

20. Executing PROC_CLEAN pass (remove empty switches from decision trees).
Found and cleaned up 8 empty switches in `$paramod\uart_rx\CLKS_PER_BIT=s32'00000000000000000001010001011000.$proc$/home/sachin/vlsi/uart-rtl-to-gdsii/rtl/uart_rx.v:20$3'.
Removing empty process `$paramod\uart_rx\CLKS_PER_BIT=s32'00000000000000000001010001011000.$proc$/home/sachin/vlsi/uart-rtl-to-gdsii/rtl/uart_rx.v:20$3'.
Found and cleaned up 7 empty switches in `$paramod\uart_tx\CLKS_PER_BIT=s32'00000000000000000001010001011000.$proc$/home/sachin/vlsi/uart-rtl-to-gdsii/rtl/uart_tx.v:23$30'.
Removing empty process `$paramod\uart_tx\CLKS_PER_BIT=s32'00000000000000000001010001011000.$proc$/home/sachin/vlsi/uart-rtl-to-gdsii/rtl/uart_tx.v:23$30'.
Cleaned up 15 empty switches.

21. Executing CHECK pass (checking for obvious problems).
Checking module uart_top...
Checking module $paramod\uart_rx\CLKS_PER_BIT=s32'00000000000000000001010001011000...
Checking module $paramod\uart_tx\CLKS_PER_BIT=s32'00000000000000000001010001011000...
Found and reported 0 problems.

22. Executing OPT_EXPR pass (perform const folding).
Optimizing module uart_top.
Optimizing module $paramod\uart_rx\CLKS_PER_BIT=s32'00000000000000000001010001011000.
<suppressed ~20 debug messages>
Optimizing module $paramod\uart_tx\CLKS_PER_BIT=s32'00000000000000000001010001011000.
<suppressed ~11 debug messages>

23. Executing FLATTEN pass (flatten design).
Deleting now unused module $paramod\uart_rx\CLKS_PER_BIT=s32'00000000000000000001010001011000.
Deleting now unused module $paramod\uart_tx\CLKS_PER_BIT=s32'00000000000000000001010001011000.
<suppressed ~2 debug messages>

24. Executing OPT_EXPR pass (perform const folding).
Optimizing module uart_top.

25. Executing OPT_CLEAN pass (remove unused cells and wires).
Finding unused cells or wires in module \uart_top..
Removed 17 unused cells and 79 unused wires.
<suppressed ~18 debug messages>

26. Executing OPT_EXPR pass (perform const folding).
Optimizing module uart_top.

27. Executing OPT_MERGE pass (detect identical cells).
Finding identical cells in module `\uart_top'.
<suppressed ~93 debug messages>
Removed a total of 31 cells.

28. Executing OPT_MUXTREE pass (detect dead branches in mux trees).
Running muxtree optimizer on module \uart_top..
  Creating internal representation of mux trees.
  Evaluating internal representation of mux trees.
  Analyzing evaluation results.
    dead port 2/2 on $mux $flatten\u_uart_rx.$procmux$45.
    dead port 2/2 on $mux $flatten\u_uart_rx.$procmux$48.
    dead port 2/2 on $mux $flatten\u_uart_rx.$procmux$65.
Removed 3 multiplexer ports.
<suppressed ~11 debug messages>

29. Executing OPT_REDUCE pass (consolidate $*mux and $reduce_* inputs).
  Optimizing cells in module \uart_top.
    New ctrl vector for $pmux cell $flatten\u_uart_rx.$procmux$59: { $flatten\u_uart_rx.$procmux$110_CMP $auto$opt_reduce.cc:134:opt_pmux$241 }
    New ctrl vector for $pmux cell $flatten\u_uart_tx.$procmux$172: { $flatten\u_uart_tx.$procmux$159_CMP $flatten\u_uart_tx.$procmux$155_CMP $auto$opt_reduce.cc:134:opt_pmux$243 }
  Optimizing cells in module \uart_top.
Performed a total of 2 changes.

30. Executing OPT_MERGE pass (detect identical cells).
Finding identical cells in module `\uart_top'.
<suppressed ~6 debug messages>
Removed a total of 2 cells.

31. Executing OPT_DFF pass (perform DFF optimizations).

32. Executing OPT_CLEAN pass (remove unused cells and wires).
Finding unused cells or wires in module \uart_top..
Removed 0 unused cells and 36 unused wires.
<suppressed ~1 debug messages>

33. Executing OPT_EXPR pass (perform const folding).
Optimizing module uart_top.

34. Rerunning OPT passes. (Maybe there is more to do…)

35. Executing OPT_MUXTREE pass (detect dead branches in mux trees).
Running muxtree optimizer on module \uart_top..
  Creating internal representation of mux trees.
  Evaluating internal representation of mux trees.
  Analyzing evaluation results.
Removed 0 multiplexer ports.
<suppressed ~11 debug messages>

36. Executing OPT_REDUCE pass (consolidate $*mux and $reduce_* inputs).
  Optimizing cells in module \uart_top.
    New ctrl vector for $pmux cell $flatten\u_uart_rx.$procmux$105: { $flatten\u_uart_rx.$procmux$118_CMP $flatten\u_uart_rx.$procmux$117_CMP $auto$opt_reduce.cc:134:opt_pmux$245 }
    New ctrl vector for $pmux cell $flatten\u_uart_tx.$procmux$150: { $flatten\u_uart_tx.$procmux$160_CMP $flatten\u_uart_tx.$procmux$155_CMP $auto$opt_reduce.cc:134:opt_pmux$247 }
  Optimizing cells in module \uart_top.
Performed a total of 2 changes.

37. Executing OPT_MERGE pass (detect identical cells).
Finding identical cells in module `\uart_top'.
Removed a total of 0 cells.

38. Executing OPT_DFF pass (perform DFF optimizations).

39. Executing OPT_CLEAN pass (remove unused cells and wires).
Finding unused cells or wires in module \uart_top..

40. Executing OPT_EXPR pass (perform const folding).
Optimizing module uart_top.

41. Rerunning OPT passes. (Maybe there is more to do…)

42. Executing OPT_MUXTREE pass (detect dead branches in mux trees).
Running muxtree optimizer on module \uart_top..
  Creating internal representation of mux trees.
  Evaluating internal representation of mux trees.
  Analyzing evaluation results.
Removed 0 multiplexer ports.
<suppressed ~11 debug messages>

43. Executing OPT_REDUCE pass (consolidate $*mux and $reduce_* inputs).
  Optimizing cells in module \uart_top.
Performed a total of 0 changes.

44. Executing OPT_MERGE pass (detect identical cells).
Finding identical cells in module `\uart_top'.
Removed a total of 0 cells.

45. Executing OPT_DFF pass (perform DFF optimizations).

46. Executing OPT_CLEAN pass (remove unused cells and wires).
Finding unused cells or wires in module \uart_top..

47. Executing OPT_EXPR pass (perform const folding).
Optimizing module uart_top.

48. Executing FSM pass (extract and optimize FSM).

48.1. Executing FSM_DETECT pass (finding FSMs in design).
Found FSM state register uart_top.u_uart_rx.state.
Found FSM state register uart_top.u_uart_tx.state.

48.2. Executing FSM_EXTRACT pass (extracting FSM from design).
Extracting FSM `\u_uart_rx.state' from module `\uart_top'.
  found $dff cell for state register: $flatten\u_uart_rx.$procdff$227
  root of input selection tree: $flatten\u_uart_rx.$0\state[1:0]
  found reset state: 2'00 (guessed from mux tree)
  found ctrl input: \rst_n
  found state code: 2'00
  found ctrl input: $flatten\u_uart_rx.$procmux$106_CMP
  found ctrl input: $flatten\u_uart_rx.$procmux$110_CMP
  found ctrl input: $flatten\u_uart_rx.$procmux$117_CMP
  found ctrl input: $flatten\u_uart_rx.$procmux$118_CMP
  found ctrl input: $flatten\u_uart_rx.$lt$/home/sachin/vlsi/uart-rtl-to-gdsii/rtl/uart_rx.v:54$15_Y
  found ctrl input: $flatten\u_uart_rx.$lt$/home/sachin/vlsi/uart-rtl-to-gdsii/rtl/uart_rx.v:59$26_Y
  found state code: 2'11
  found ctrl input: $flatten\u_uart_rx.$eq$/home/sachin/vlsi/uart-rtl-to-gdsii/rtl/uart_rx.v:40$12_Y
  found ctrl input: \rx_in
  found state code: 2'10
  found state code: 2'01
  found ctrl output: $flatten\u_uart_rx.$procmux$118_CMP
  found ctrl output: $flatten\u_uart_rx.$procmux$117_CMP
  found ctrl output: $flatten\u_uart_rx.$procmux$110_CMP
  found ctrl output: $flatten\u_uart_rx.$procmux$106_CMP
  ctrl inputs: { $flatten\u_uart_rx.$eq$/home/sachin/vlsi/uart-rtl-to-gdsii/rtl/uart_rx.v:40$12_Y $flatten\u_uart_rx.$lt$/home/sachin/vlsi/uart-rtl-to-gdsii/rtl/uart_rx.v:54$15_Y $flatten\u_uart_rx.$lt$/home/sachin/vlsi/uart-rtl-to-gdsii/rtl/uart_rx.v:59$26_Y \rx_in \rst_n }
  ctrl outputs: { $flatten\u_uart_rx.$0\state[1:0] $flatten\u_uart_rx.$procmux$106_CMP $flatten\u_uart_rx.$procmux$110_CMP $flatten\u_uart_rx.$procmux$117_CMP $flatten\u_uart_rx.$procmux$118_CMP }
  transition:       2'00 5'----0 ->       2'00 6'000001
  transition:       2'00 5'---01 ->       2'01 6'010001
  transition:       2'00 5'---11 ->       2'00 6'000001
  transition:       2'10 5'----0 ->       2'00 6'000100
  transition:       2'10 5'-00-1 ->       2'11 6'110100
  transition:       2'10 5'-01-1 ->       2'10 6'100100
  transition:       2'10 5'-1--1 ->       2'10 6'100100
  transition:       2'01 5'----0 ->       2'00 6'000010
  transition:       2'01 5'0---1 ->       2'01 6'010010
  transition:       2'01 5'1--01 ->       2'10 6'100010
  transition:       2'01 5'1--11 ->       2'00 6'000010
  transition:       2'11 5'----0 ->       2'00 6'001000
  transition:       2'11 5'-0--1 ->       2'00 6'001000
  transition:       2'11 5'-1--1 ->       2'11 6'111000
Extracting FSM `\u_uart_tx.state' from module `\uart_top'.
  found $dff cell for state register: $flatten\u_uart_tx.$procdff$234
  root of input selection tree: $flatten\u_uart_tx.$0\state[1:0]
  found reset state: 2'00 (guessed from mux tree)
  found ctrl input: \rst_n
  found state code: 2'00
  found ctrl input: $flatten\u_uart_tx.$procmux$151_CMP
  found ctrl input: $flatten\u_uart_tx.$procmux$155_CMP
  found ctrl input: $flatten\u_uart_tx.$procmux$159_CMP
  found ctrl input: $flatten\u_uart_tx.$procmux$160_CMP
  found ctrl input: $flatten\u_uart_tx.$lt$/home/sachin/vlsi/uart-rtl-to-gdsii/rtl/uart_tx.v:48$32_Y
  found ctrl input: $flatten\u_uart_tx.$le$/home/sachin/vlsi/uart-rtl-to-gdsii/rtl/uart_tx.v:58$35_Y
  found ctrl input: $flatten\u_uart_tx.$lt$/home/sachin/vlsi/uart-rtl-to-gdsii/rtl/uart_tx.v:62$37_Y
  found state code: 2'11
  found state code: 2'10
  found ctrl input: \tx_start
  found state code: 2'01
  found ctrl output: $flatten\u_uart_tx.$procmux$160_CMP
  found ctrl output: $flatten\u_uart_tx.$procmux$159_CMP
  found ctrl output: $flatten\u_uart_tx.$procmux$155_CMP
  found ctrl output: $flatten\u_uart_tx.$procmux$151_CMP
  ctrl inputs: { $flatten\u_uart_tx.$lt$/home/sachin/vlsi/uart-rtl-to-gdsii/rtl/uart_tx.v:48$32_Y $flatten\u_uart_tx.$le$/home/sachin/vlsi/uart-rtl-to-gdsii/rtl/uart_tx.v:58$35_Y $flatten\u_uart_tx.$lt$/home/sachin/vlsi/uart-rtl-to-gdsii/rtl/uart_tx.v:62$37_Y \tx_start \rst_n }
  ctrl outputs: { $flatten\u_uart_tx.$0\state[1:0] $flatten\u_uart_tx.$procmux$151_CMP $flatten\u_uart_tx.$procmux$155_CMP $flatten\u_uart_tx.$procmux$159_CMP $flatten\u_uart_tx.$procmux$160_CMP }
  transition:       2'00 5'----0 ->       2'00 6'000001
  transition:       2'00 5'---01 ->       2'00 6'000001
  transition:       2'00 5'---11 ->       2'01 6'010001
  transition:       2'10 5'----0 ->       2'00 6'000100
  transition:       2'10 5'-00-1 ->       2'11 6'110100
  transition:       2'10 5'-01-1 ->       2'10 6'100100
  transition:       2'10 5'-1--1 ->       2'10 6'100100
  transition:       2'01 5'----0 ->       2'00 6'000010
  transition:       2'01 5'0---1 ->       2'10 6'100010
  transition:       2'01 5'1---1 ->       2'01 6'010010
  transition:       2'11 5'----0 ->       2'00 6'001000
  transition:       2'11 5'0---1 ->       2'00 6'001000
  transition:       2'11 5'1---1 ->       2'11 6'111000

48.3. Executing FSM_OPT pass (simple optimizations of FSMs).
Optimizing FSM `$fsm$\u_uart_tx.state$254' from module `\uart_top'.
Optimizing FSM `$fsm$\u_uart_rx.state$248' from module `\uart_top'.

48.4. Executing OPT_CLEAN pass (remove unused cells and wires).
Finding unused cells or wires in module \uart_top..
Removed 25 unused cells and 25 unused wires.
<suppressed ~26 debug messages>

48.5. Executing FSM_OPT pass (simple optimizations of FSMs).
Optimizing FSM `$fsm$\u_uart_rx.state$248' from module `\uart_top'.
  Removing unused output signal $flatten\u_uart_rx.$0\state[1:0] [0].
  Removing unused output signal $flatten\u_uart_rx.$0\state[1:0] [1].
Optimizing FSM `$fsm$\u_uart_tx.state$254' from module `\uart_top'.
  Removing unused output signal $flatten\u_uart_tx.$0\state[1:0] [0].
  Removing unused output signal $flatten\u_uart_tx.$0\state[1:0] [1].

48.6. Executing FSM_RECODE pass (re-assigning FSM state encoding).
Recoding FSM `$fsm$\u_uart_rx.state$248' from module `\uart_top' using `auto' encoding:
  mapping auto encoding to `one-hot` for this FSM.
  00 -> ---1
  10 -> --1-
  01 -> -1--
  11 -> 1---
Recoding FSM `$fsm$\u_uart_tx.state$254' from module `\uart_top' using `auto' encoding:
  mapping auto encoding to `one-hot` for this FSM.
  00 -> ---1
  10 -> --1-
  01 -> -1--
  11 -> 1---

48.7. Executing FSM_INFO pass (dumping all available information on FSM cells).

FSM `$fsm$\u_uart_rx.state$248' from module `uart_top':
-------------------------------------

  Information on FSM $fsm$\u_uart_rx.state$248 (\u_uart_rx.state):

  Number of input signals:    5
  Number of output signals:   4
  Number of state bits:       4

  Input signals:
    0: \rst_n
    1: \rx_in
    2: $flatten\u_uart_rx.$lt$/home/sachin/vlsi/uart-rtl-to-gdsii/rtl/uart_rx.v:59$26_Y
    3: $flatten\u_uart_rx.$lt$/home/sachin/vlsi/uart-rtl-to-gdsii/rtl/uart_rx.v:54$15_Y
    4: $flatten\u_uart_rx.$eq$/home/sachin/vlsi/uart-rtl-to-gdsii/rtl/uart_rx.v:40$12_Y

  Output signals:
    0: $flatten\u_uart_rx.$procmux$118_CMP
    1: $flatten\u_uart_rx.$procmux$117_CMP
    2: $flatten\u_uart_rx.$procmux$110_CMP
    3: $flatten\u_uart_rx.$procmux$106_CMP

  State encoding:
    0:     4'---1  <RESET STATE>
    1:     4'--1-
    2:     4'-1--
    3:     4'1---

  Transition Table (state_in, ctrl_in, state_out, ctrl_out):
      0:     0 5'----0   ->     0 4'0001
      1:     0 5'---11   ->     0 4'0001
      2:     0 5'---01   ->     2 4'0001
      3:     1 5'----0   ->     0 4'0100
      4:     1 5'-01-1   ->     1 4'0100
      5:     1 5'-1--1   ->     1 4'0100
      6:     1 5'-00-1   ->     3 4'0100
      7:     2 5'----0   ->     0 4'0010
      8:     2 5'1--11   ->     0 4'0010
      9:     2 5'1--01   ->     1 4'0010
     10:     2 5'0---1   ->     2 4'0010
     11:     3 5'----0   ->     0 4'1000
     12:     3 5'-0--1   ->     0 4'1000
     13:     3 5'-1--1   ->     3 4'1000

-------------------------------------

FSM `$fsm$\u_uart_tx.state$254' from module `uart_top':
-------------------------------------

  Information on FSM $fsm$\u_uart_tx.state$254 (\u_uart_tx.state):

  Number of input signals:    5
  Number of output signals:   4
  Number of state bits:       4

  Input signals:
    0: \rst_n
    1: \tx_start
    2: $flatten\u_uart_tx.$lt$/home/sachin/vlsi/uart-rtl-to-gdsii/rtl/uart_tx.v:62$37_Y
    3: $flatten\u_uart_tx.$le$/home/sachin/vlsi/uart-rtl-to-gdsii/rtl/uart_tx.v:58$35_Y
    4: $flatten\u_uart_tx.$lt$/home/sachin/vlsi/uart-rtl-to-gdsii/rtl/uart_tx.v:48$32_Y

  Output signals:
    0: $flatten\u_uart_tx.$procmux$160_CMP
    1: $flatten\u_uart_tx.$procmux$159_CMP
    2: $flatten\u_uart_tx.$procmux$155_CMP
    3: $flatten\u_uart_tx.$procmux$151_CMP

  State encoding:
    0:     4'---1  <RESET STATE>
    1:     4'--1-
    2:     4'-1--
    3:     4'1---

  Transition Table (state_in, ctrl_in, state_out, ctrl_out):
      0:     0 5'----0   ->     0 4'0001
      1:     0 5'---01   ->     0 4'0001
      2:     0 5'---11   ->     2 4'0001
      3:     1 5'----0   ->     0 4'0100
      4:     1 5'-01-1   ->     1 4'0100
      5:     1 5'-1--1   ->     1 4'0100
      6:     1 5'-00-1   ->     3 4'0100
      7:     2 5'----0   ->     0 4'0010
      8:     2 5'0---1   ->     1 4'0010
      9:     2 5'1---1   ->     2 4'0010
     10:     3 5'----0   ->     0 4'1000
     11:     3 5'0---1   ->     0 4'1000
     12:     3 5'1---1   ->     3 4'1000

-------------------------------------

48.8. Executing FSM_MAP pass (mapping FSMs to basic logic).
Mapping FSM `$fsm$\u_uart_rx.state$248' from module `\uart_top'.
Mapping FSM `$fsm$\u_uart_tx.state$254' from module `\uart_top'.

49. Executing OPT_EXPR pass (perform const folding).
Optimizing module uart_top.
<suppressed ~2 debug messages>

50. Executing OPT_MERGE pass (detect identical cells).
Finding identical cells in module `\uart_top'.
<suppressed ~12 debug messages>
Removed a total of 4 cells.

51. Executing OPT_MUXTREE pass (detect dead branches in mux trees).
Running muxtree optimizer on module \uart_top..
  Creating internal representation of mux trees.
  Evaluating internal representation of mux trees.
  Analyzing evaluation results.
Removed 0 multiplexer ports.
<suppressed ~9 debug messages>

52. Executing OPT_REDUCE pass (consolidate $*mux and $reduce_* inputs).
  Optimizing cells in module \uart_top.
Performed a total of 0 changes.

53. Executing OPT_MERGE pass (detect identical cells).
Finding identical cells in module `\uart_top'.
Removed a total of 0 cells.

54. Executing OPT_DFF pass (perform DFF optimizations).
Adding EN signal on $flatten\u_uart_tx.$procdff$237 ($dff) from module uart_top (D = \tx_data, Q = \u_uart_tx.tx_data_latch).
Adding SRST signal on $flatten\u_uart_tx.$procdff$236 ($dff) from module uart_top (D = $flatten\u_uart_tx.$procmux$197_Y, Q = \u_uart_tx.bit_index, rval = 3'000).
Adding EN signal on $auto$ff.cc:266:slice$359 ($sdff) from module uart_top (D = $flatten\u_uart_tx.$procmux$197_Y, Q = \u_uart_tx.bit_index).
Adding SRST signal on $flatten\u_uart_tx.$procdff$235 ($dff) from module uart_top (D = $flatten\u_uart_tx.$procmux$150_Y, Q = \u_uart_tx.clk_count, rval = 13'0000000000000).
Adding SRST signal on $flatten\u_uart_tx.$procdff$233 ($dff) from module uart_top (D = $flatten\u_uart_tx.$procmux$165_Y, Q = \u_uart_tx.tx_done, rval = 1'0).
Adding SRST signal on $flatten\u_uart_tx.$procdff$232 ($dff) from module uart_top (D = $flatten\u_uart_tx.$procmux$172_Y, Q = \u_uart_tx.tx_out, rval = 1'1).
Adding SRST signal on $flatten\u_uart_rx.$procdff$229 ($dff) from module uart_top (D = $flatten\u_uart_rx.$procmux$96_Y, Q = \u_uart_rx.bit_index, rval = 3'000).
Adding EN signal on $auto$ff.cc:266:slice$372 ($sdff) from module uart_top (D = $flatten\u_uart_rx.$procmux$96_Y, Q = \u_uart_rx.bit_index).
Adding SRST signal on $flatten\u_uart_rx.$procdff$228 ($dff) from module uart_top (D = $flatten\u_uart_rx.$procmux$105_Y, Q = \u_uart_rx.clk_count, rval = 14'00000000000000).
Adding EN signal on $auto$ff.cc:266:slice$380 ($sdff) from module uart_top (D = $flatten\u_uart_rx.$procmux$105_Y, Q = \u_uart_rx.clk_count).
Adding SRST signal on $flatten\u_uart_rx.$procdff$226 ($dff) from module uart_top (D = $flatten\u_uart_rx.$procmux$76_Y, Q = \u_uart_rx.rx_done, rval = 1'0).
Adding EN signal on $flatten\u_uart_rx.$procdff$225 ($dff) from module uart_top (D = $flatten\u_uart_rx.$2$lookahead\rx_data$2[7:0]$10, Q = \u_uart_rx.rx_data).

55. Executing OPT_CLEAN pass (remove unused cells and wires).
Finding unused cells or wires in module \uart_top..
Removed 13 unused cells and 31 unused wires.
<suppressed ~14 debug messages>

56. Executing OPT_EXPR pass (perform const folding).
Optimizing module uart_top.
<suppressed ~4 debug messages>

57. Rerunning OPT passes. (Maybe there is more to do…)

58. Executing OPT_MUXTREE pass (detect dead branches in mux trees).
Running muxtree optimizer on module \uart_top..
  Creating internal representation of mux trees.
  Evaluating internal representation of mux trees.
  Analyzing evaluation results.
Removed 0 multiplexer ports.
<suppressed ~8 debug messages>

59. Executing OPT_REDUCE pass (consolidate $*mux and $reduce_* inputs).
  Optimizing cells in module \uart_top.
    New ctrl vector for $pmux cell $flatten\u_uart_rx.$procmux$59: \u_uart_rx.state [1]
  Optimizing cells in module \uart_top.
Performed a total of 1 changes.

60. Executing OPT_MERGE pass (detect identical cells).
Finding identical cells in module `\uart_top'.
<suppressed ~3 debug messages>
Removed a total of 1 cells.

61. Executing OPT_DFF pass (perform DFF optimizations).

62. Executing OPT_CLEAN pass (remove unused cells and wires).
Finding unused cells or wires in module \uart_top..
Removed 0 unused cells and 1 unused wires.
<suppressed ~1 debug messages>

63. Executing OPT_EXPR pass (perform const folding).
Optimizing module uart_top.

64. Rerunning OPT passes. (Maybe there is more to do…)

65. Executing OPT_MUXTREE pass (detect dead branches in mux trees).
Running muxtree optimizer on module \uart_top..
  Creating internal representation of mux trees.
  Evaluating internal representation of mux trees.
  Analyzing evaluation results.
Removed 0 multiplexer ports.
<suppressed ~8 debug messages>

66. Executing OPT_REDUCE pass (consolidate $*mux and $reduce_* inputs).
  Optimizing cells in module \uart_top.
Performed a total of 0 changes.

67. Executing OPT_MERGE pass (detect identical cells).
Finding identical cells in module `\uart_top'.
Removed a total of 0 cells.

68. Executing OPT_DFF pass (perform DFF optimizations).

69. Executing OPT_CLEAN pass (remove unused cells and wires).
Finding unused cells or wires in module \uart_top..

70. Executing OPT_EXPR pass (perform const folding).
Optimizing module uart_top.

71. Executing WREDUCE pass (reducing word size of cells).
Removed top 1 bits (of 3) from port B of cell uart_top.$auto$fsm_map.cc:77:implement_pattern_cache$326 ($eq).
Removed top 1 bits (of 2) from port B of cell uart_top.$auto$fsm_map.cc:77:implement_pattern_cache$317 ($eq).
Removed top 2 bits (of 3) from port B of cell uart_top.$auto$fsm_map.cc:77:implement_pattern_cache$302 ($eq).
Removed top 1 bits (of 2) from port B of cell uart_top.$auto$fsm_map.cc:77:implement_pattern_cache$334 ($eq).
Removed top 1 bits (of 2) from port B of cell uart_top.$auto$fsm_map.cc:77:implement_pattern_cache$297 ($eq).
Removed top 31 bits (of 32) from port B of cell uart_top.$flatten\u_uart_tx.$add$/home/sachin/vlsi/uart-rtl-to-gdsii/rtl/uart_tx.v:63$38 ($add).
Removed top 29 bits (of 32) from port Y of cell uart_top.$flatten\u_uart_tx.$add$/home/sachin/vlsi/uart-rtl-to-gdsii/rtl/uart_tx.v:63$38 ($add).
Removed top 29 bits (of 32) from port B of cell uart_top.$flatten\u_uart_tx.$lt$/home/sachin/vlsi/uart-rtl-to-gdsii/rtl/uart_tx.v:62$37 ($lt).
Removed top 19 bits (of 32) from port B of cell uart_top.$flatten\u_uart_tx.$le$/home/sachin/vlsi/uart-rtl-to-gdsii/rtl/uart_tx.v:58$35 ($le).
Removed top 31 bits (of 32) from port B of cell uart_top.$flatten\u_uart_tx.$add$/home/sachin/vlsi/uart-rtl-to-gdsii/rtl/uart_tx.v:49$33 ($add).
Removed top 19 bits (of 32) from port Y of cell uart_top.$flatten\u_uart_tx.$add$/home/sachin/vlsi/uart-rtl-to-gdsii/rtl/uart_tx.v:49$33 ($add).
Removed top 19 bits (of 32) from port B of cell uart_top.$flatten\u_uart_tx.$lt$/home/sachin/vlsi/uart-rtl-to-gdsii/rtl/uart_tx.v:48$32 ($lt).
Removed top 1 bits (of 2) from port B of cell uart_top.$auto$fsm_map.cc:77:implement_pattern_cache$275 ($eq).
Removed top 1 bits (of 2) from port B of cell uart_top.$auto$fsm_map.cc:77:implement_pattern_cache$293 ($eq).
Removed top 1 bits (of 3) from port B of cell uart_top.$auto$fsm_map.cc:77:implement_pattern_cache$284 ($eq).
Removed top 2 bits (of 3) from port B of cell uart_top.$auto$fsm_map.cc:77:implement_pattern_cache$348 ($eq).
Removed top 31 bits (of 32) from port B of cell uart_top.$flatten\u_uart_rx.$add$/home/sachin/vlsi/uart-rtl-to-gdsii/rtl/uart_rx.v:60$27 ($add).
Removed top 29 bits (of 32) from port Y of cell uart_top.$flatten\u_uart_rx.$add$/home/sachin/vlsi/uart-rtl-to-gdsii/rtl/uart_rx.v:60$27 ($add).
Removed top 29 bits (of 32) from port B of cell uart_top.$flatten\u_uart_rx.$lt$/home/sachin/vlsi/uart-rtl-to-gdsii/rtl/uart_rx.v:59$26 ($lt).
Converting cell uart_top.$flatten\u_uart_rx.$neg$/home/sachin/vlsi/uart-rtl-to-gdsii/rtl/uart_rx.v:0$19 ($neg) from signed to unsigned.
Removed top 1 bits (of 4) from port A of cell uart_top.$flatten\u_uart_rx.$neg$/home/sachin/vlsi/uart-rtl-to-gdsii/rtl/uart_rx.v:0$19 ($neg).
Removed top 19 bits (of 32) from port B of cell uart_top.$flatten\u_uart_rx.$lt$/home/sachin/vlsi/uart-rtl-to-gdsii/rtl/uart_rx.v:54$15 ($lt).
Removed top 31 bits (of 32) from port B of cell uart_top.$flatten\u_uart_rx.$add$/home/sachin/vlsi/uart-rtl-to-gdsii/rtl/uart_rx.v:48$14 ($add).
Removed top 18 bits (of 32) from port Y of cell uart_top.$flatten\u_uart_rx.$add$/home/sachin/vlsi/uart-rtl-to-gdsii/rtl/uart_rx.v:48$14 ($add).
Removed top 2 bits (of 14) from port B of cell uart_top.$flatten\u_uart_rx.$eq$/home/sachin/vlsi/uart-rtl-to-gdsii/rtl/uart_rx.v:40$12 ($eq).
Removed top 18 bits (of 32) from wire uart_top.$flatten\u_uart_rx.$add$/home/sachin/vlsi/uart-rtl-to-gdsii/rtl/uart_rx.v:48$14_Y.
Removed top 29 bits (of 32) from wire uart_top.$flatten\u_uart_rx.$add$/home/sachin/vlsi/uart-rtl-to-gdsii/rtl/uart_rx.v:60$27_Y.
Removed top 19 bits (of 32) from wire uart_top.$flatten\u_uart_tx.$add$/home/sachin/vlsi/uart-rtl-to-gdsii/rtl/uart_tx.v:49$33_Y.
Removed top 29 bits (of 32) from wire uart_top.$flatten\u_uart_tx.$add$/home/sachin/vlsi/uart-rtl-to-gdsii/rtl/uart_tx.v:63$38_Y.

72. Executing PEEPOPT pass (run peephole optimizers).

73. Executing OPT_CLEAN pass (remove unused cells and wires).
Finding unused cells or wires in module \uart_top..
Removed 0 unused cells and 4 unused wires.
<suppressed ~1 debug messages>

74. Executing ALUMACC pass (create $alu and $macc cells).
Extracting $alu and $macc cells in module uart_top:
  creating $macc model for $flatten\u_uart_rx.$add$/home/sachin/vlsi/uart-rtl-to-gdsii/rtl/uart_rx.v:48$14 ($add).
  creating $macc model for $flatten\u_uart_rx.$add$/home/sachin/vlsi/uart-rtl-to-gdsii/rtl/uart_rx.v:60$27 ($add).
  creating $macc model for $flatten\u_uart_rx.$neg$/home/sachin/vlsi/uart-rtl-to-gdsii/rtl/uart_rx.v:0$19 ($neg).
  creating $macc model for $flatten\u_uart_tx.$add$/home/sachin/vlsi/uart-rtl-to-gdsii/rtl/uart_tx.v:49$33 ($add).
  creating $macc model for $flatten\u_uart_tx.$add$/home/sachin/vlsi/uart-rtl-to-gdsii/rtl/uart_tx.v:63$38 ($add).
  creating $alu model for $macc $flatten\u_uart_tx.$add$/home/sachin/vlsi/uart-rtl-to-gdsii/rtl/uart_tx.v:63$38.
  creating $alu model for $macc $flatten\u_uart_tx.$add$/home/sachin/vlsi/uart-rtl-to-gdsii/rtl/uart_tx.v:49$33.
  creating $alu model for $macc $flatten\u_uart_rx.$neg$/home/sachin/vlsi/uart-rtl-to-gdsii/rtl/uart_rx.v:0$19.
  creating $alu model for $macc $flatten\u_uart_rx.$add$/home/sachin/vlsi/uart-rtl-to-gdsii/rtl/uart_rx.v:60$27.
  creating $alu model for $macc $flatten\u_uart_rx.$add$/home/sachin/vlsi/uart-rtl-to-gdsii/rtl/uart_rx.v:48$14.
  creating $alu model for $flatten\u_uart_rx.$lt$/home/sachin/vlsi/uart-rtl-to-gdsii/rtl/uart_rx.v:54$15 ($lt): new $alu
  creating $alu model for $flatten\u_uart_rx.$lt$/home/sachin/vlsi/uart-rtl-to-gdsii/rtl/uart_rx.v:59$26 ($lt): new $alu
  creating $alu model for $flatten\u_uart_tx.$le$/home/sachin/vlsi/uart-rtl-to-gdsii/rtl/uart_tx.v:58$35 ($le): new $alu
  creating $alu model for $flatten\u_uart_tx.$lt$/home/sachin/vlsi/uart-rtl-to-gdsii/rtl/uart_tx.v:48$32 ($lt): merged with $flatten\u_uart_tx.$le$/home/sachin/vlsi/uart-rtl-to-gdsii/rtl/uart_tx.v:58$35.
  creating $alu model for $flatten\u_uart_tx.$lt$/home/sachin/vlsi/uart-rtl-to-gdsii/rtl/uart_tx.v:62$37 ($lt): new $alu
  creating $alu cell for $flatten\u_uart_tx.$lt$/home/sachin/vlsi/uart-rtl-to-gdsii/rtl/uart_tx.v:62$37: $auto$alumacc.cc:485:replace_alu$406
  creating $alu cell for $flatten\u_uart_tx.$le$/home/sachin/vlsi/uart-rtl-to-gdsii/rtl/uart_tx.v:58$35, $flatten\u_uart_tx.$lt$/home/sachin/vlsi/uart-rtl-to-gdsii/rtl/uart_tx.v:48$32: $auto$alumacc.cc:485:replace_alu$411
  creating $alu cell for $flatten\u_uart_rx.$lt$/home/sachin/vlsi/uart-rtl-to-gdsii/rtl/uart_rx.v:59$26: $auto$alumacc.cc:485:replace_alu$420
  creating $alu cell for $flatten\u_uart_rx.$lt$/home/sachin/vlsi/uart-rtl-to-gdsii/rtl/uart_rx.v:54$15: $auto$alumacc.cc:485:replace_alu$425
  creating $alu cell for $flatten\u_uart_rx.$add$/home/sachin/vlsi/uart-rtl-to-gdsii/rtl/uart_rx.v:48$14: $auto$alumacc.cc:485:replace_alu$436
  creating $alu cell for $flatten\u_uart_rx.$add$/home/sachin/vlsi/uart-rtl-to-gdsii/rtl/uart_rx.v:60$27: $auto$alumacc.cc:485:replace_alu$439
  creating $alu cell for $flatten\u_uart_rx.$neg$/home/sachin/vlsi/uart-rtl-to-gdsii/rtl/uart_rx.v:0$19: $auto$alumacc.cc:485:replace_alu$442
  creating $alu cell for $flatten\u_uart_tx.$add$/home/sachin/vlsi/uart-rtl-to-gdsii/rtl/uart_tx.v:49$33: $auto$alumacc.cc:485:replace_alu$445
  creating $alu cell for $flatten\u_uart_tx.$add$/home/sachin/vlsi/uart-rtl-to-gdsii/rtl/uart_tx.v:63$38: $auto$alumacc.cc:485:replace_alu$448
  created 9 $alu and 0 $macc cells.

75. Executing SHARE pass (SAT-based resource sharing).

76. Executing OPT_EXPR pass (perform const folding).
Optimizing module uart_top.
<suppressed ~8 debug messages>

77. Executing OPT_MERGE pass (detect identical cells).
Finding identical cells in module `\uart_top'.
Removed a total of 0 cells.

78. Executing OPT_MUXTREE pass (detect dead branches in mux trees).
Running muxtree optimizer on module \uart_top..
  Creating internal representation of mux trees.
  Evaluating internal representation of mux trees.
  Analyzing evaluation results.
Removed 0 multiplexer ports.
<suppressed ~8 debug messages>

79. Executing OPT_REDUCE pass (consolidate $*mux and $reduce_* inputs).
  Optimizing cells in module \uart_top.
Performed a total of 0 changes.

80. Executing OPT_MERGE pass (detect identical cells).
Finding identical cells in module `\uart_top'.
Removed a total of 0 cells.

81. Executing OPT_DFF pass (perform DFF optimizations).

82. Executing OPT_CLEAN pass (remove unused cells and wires).
Finding unused cells or wires in module \uart_top..
Removed 0 unused cells and 5 unused wires.
<suppressed ~1 debug messages>

83. Executing OPT_EXPR pass (perform const folding).
Optimizing module uart_top.

84. Rerunning OPT passes. (Maybe there is more to do…)

85. Executing OPT_MUXTREE pass (detect dead branches in mux trees).
Running muxtree optimizer on module \uart_top..
  Creating internal representation of mux trees.
  Evaluating internal representation of mux trees.
  Analyzing evaluation results.
Removed 0 multiplexer ports.
<suppressed ~8 debug messages>

86. Executing OPT_REDUCE pass (consolidate $*mux and $reduce_* inputs).
  Optimizing cells in module \uart_top.
Performed a total of 0 changes.

87. Executing OPT_MERGE pass (detect identical cells).
Finding identical cells in module `\uart_top'.
Removed a total of 0 cells.

88. Executing OPT_DFF pass (perform DFF optimizations).

89. Executing OPT_CLEAN pass (remove unused cells and wires).
Finding unused cells or wires in module \uart_top..

90. Executing OPT_EXPR pass (perform const folding).
Optimizing module uart_top.

91. Executing MEMORY pass.

91.1. Executing OPT_MEM pass (optimize memories).
Performed a total of 0 transformations.

91.2. Executing OPT_MEM_PRIORITY pass (removing unnecessary memory write priority relations).
Performed a total of 0 transformations.

91.3. Executing OPT_MEM_FEEDBACK pass (finding memory read-to-write feedback paths).

91.4. Executing MEMORY_BMUX2ROM pass (converting muxes to ROMs).

91.5. Executing MEMORY_DFF pass (merging $dff cells to $memrd).

91.6. Executing OPT_CLEAN pass (remove unused cells and wires).
Finding unused cells or wires in module \uart_top..

91.7. Executing MEMORY_SHARE pass (consolidating $memrd/$memwr cells).

91.8. Executing OPT_MEM_WIDEN pass (optimize memories where all ports are wide).
Performed a total of 0 transformations.

91.9. Executing OPT_CLEAN pass (remove unused cells and wires).
Finding unused cells or wires in module \uart_top..

91.10. Executing MEMORY_COLLECT pass (generating $mem cells).

92. Executing OPT_CLEAN pass (remove unused cells and wires).
Finding unused cells or wires in module \uart_top..

93. Executing OPT_EXPR pass (perform const folding).
Optimizing module uart_top.
<suppressed ~13 debug messages>

94. Executing OPT_MERGE pass (detect identical cells).
Finding identical cells in module `\uart_top'.
Removed a total of 0 cells.

95. Executing OPT_DFF pass (perform DFF optimizations).

96. Executing OPT_CLEAN pass (remove unused cells and wires).
Finding unused cells or wires in module \uart_top..
Removed 3 unused cells and 10 unused wires.
<suppressed ~4 debug messages>

97. Executing MEMORY_MAP pass (converting memories to logic and flip-flops).

98. Executing OPT_EXPR pass (perform const folding).
Optimizing module uart_top.

99. Executing OPT_MERGE pass (detect identical cells).
Finding identical cells in module `\uart_top'.
Removed a total of 0 cells.

100. Executing OPT_MUXTREE pass (detect dead branches in mux trees).
Running muxtree optimizer on module \uart_top..
  Creating internal representation of mux trees.
  Evaluating internal representation of mux trees.
  Analyzing evaluation results.
Removed 0 multiplexer ports.
<suppressed ~5 debug messages>

101. Executing OPT_REDUCE pass (consolidate $*mux and $reduce_* inputs).
  Optimizing cells in module \uart_top.
Performed a total of 0 changes.

102. Executing OPT_MERGE pass (detect identical cells).
Finding identical cells in module `\uart_top'.
Removed a total of 0 cells.

103. Executing OPT_SHARE pass.

104. Executing OPT_DFF pass (perform DFF optimizations).

105. Executing OPT_CLEAN pass (remove unused cells and wires).
Finding unused cells or wires in module \uart_top..

106. Executing OPT_EXPR pass (perform const folding).
Optimizing module uart_top.

107. Executing TECHMAP pass (map to technology primitives).

107.1. Executing Verilog-2005 frontend: /nix/store/9r0bh7sp051dpm8km8bqlb028anpd3v3-yosys/bin/../share/yosys/techmap.v
Parsing Verilog input from `/nix/store/9r0bh7sp051dpm8km8bqlb028anpd3v3-yosys/bin/../share/yosys/techmap.v' to AST representation.
Generating RTLIL representation for module `\_90_simplemap_bool_ops'.
Generating RTLIL representation for module `\_90_simplemap_reduce_ops'.
Generating RTLIL representation for module `\_90_simplemap_logic_ops'.
Generating RTLIL representation for module `\_90_simplemap_compare_ops'.
Generating RTLIL representation for module `\_90_simplemap_various'.
Generating RTLIL representation for module `\_90_simplemap_registers'.
Generating RTLIL representation for module `\_90_shift_ops_shr_shl_sshl_sshr'.
Generating RTLIL representation for module `\_90_shift_shiftx'.
Generating RTLIL representation for module `\_90_fa'.
Generating RTLIL representation for module `\_90_lcu_brent_kung'.
Generating RTLIL representation for module `\_90_alu'.
Generating RTLIL representation for module `\_90_macc'.
Generating RTLIL representation for module `\_90_alumacc'.
Generating RTLIL representation for module `\$__div_mod_u'.
Generating RTLIL representation for module `\$__div_mod_trunc'.
Generating RTLIL representation for module `\_90_div'.
Generating RTLIL representation for module `\_90_mod'.
Generating RTLIL representation for module `\$__div_mod_floor'.
Generating RTLIL representation for module `\_90_divfloor'.
Generating RTLIL representation for module `\_90_modfloor'.
Generating RTLIL representation for module `\_90_pow'.
Generating RTLIL representation for module `\_90_pmux'.
Generating RTLIL representation for module `\_90_demux'.
Generating RTLIL representation for module `\_90_lut'.
Successfully finished Verilog frontend.

107.2. Continuing TECHMAP pass.
Using extmapper simplemap for cells of type $and.
Using extmapper simplemap for cells of type $eq.
Using extmapper simplemap for cells of type $reduce_or.
Using extmapper simplemap for cells of type $reduce_and.
Using extmapper simplemap for cells of type $not.
Using extmapper simplemap for cells of type $or.
Using template $paramod$78e969f2586efcf3a5b0b0440bcca0db83d5cca2\_90_alu for cells of type $alu.
Using extmapper simplemap for cells of type $dffe.
Using extmapper simplemap for cells of type $sdff.
Using extmapper simplemap for cells of type $sdffe.
Using extmapper simplemap for cells of type $mux.
Using template $paramod$constmap:ee5af906ae0d3d414c6a0471604c553ef70c8e09$paramod$92adee9538f2381d8e5006822c900eb986d754e8\_90_shift_shiftx for cells of type $shiftx.
Using template $paramod$c5c783b17ab1d780abfad8cfe6563a0a7b47a3b0\_90_pmux for cells of type $pmux.
Using template $paramod$0c16c00f0f574905a99617e9ad4871dd8ff9dbb0\_90_pmux for cells of type $pmux.
Using template $paramod$2780480d52179e2db572a6e5133edf36e733d32e\_90_alu for cells of type $alu.
Using template $paramod$3ef7d3dd227da7627a99c5e5a6a4deb817573e39\_90_alu for cells of type $alu.
Using extmapper simplemap for cells of type $dff.
Using extmapper simplemap for cells of type $ne.
Using extmapper simplemap for cells of type $reduce_bool.
Using template $paramod$e978c189388a43a00e4e725f292dc6d7f2ae25b3\_90_pmux for cells of type $pmux.
Using template $paramod$025d767fc934a3e7d59a671de523743ebaa07759\_90_alu for cells of type $alu.
Using template $paramod$a9c862b459f0009bb3a015092e00213b862f7967\_90_alu for cells of type $alu.
Using template $paramod$constmap:9d7c541a436e2c9bb59914d3a53cc61c099f37b0$paramod$40ccfd5a7f1418017a9af25543d0c43a198b5946\_90_shift_shiftx for cells of type $shift.
Analyzing pattern of constant bits for this cell:
  Constant input on bit 0 of port A: 1'1
Creating constmapped module `$paramod$constmap:82d13b1faa4b21cb1487e5b4ddefba1164cb15a1$paramod$40ccfd5a7f1418017a9af25543d0c43a198b5946\_90_shift_shiftx'.

107.29. Executing OPT_MUXTREE pass (detect dead branches in mux trees).
Running muxtree optimizer on module $paramod$constmap:82d13b1faa4b21cb1487e5b4ddefba1164cb15a1$paramod$40ccfd5a7f1418017a9af25543d0c43a198b5946\_90_shift_shiftx..
  Creating internal representation of mux trees.
  Evaluating internal representation of mux trees.
  Analyzing evaluation results.
    dead port 2/2 on $mux $procmux$1096.
    dead port 2/2 on $mux $procmux$1090.
    dead port 2/2 on $mux $procmux$1084.
Removed 3 multiplexer ports.
<suppressed ~576 debug messages>

107.30. Executing OPT_EXPR pass (perform const folding).
Optimizing module $paramod$constmap:82d13b1faa4b21cb1487e5b4ddefba1164cb15a1$paramod$40ccfd5a7f1418017a9af25543d0c43a198b5946\_90_shift_shiftx.
<suppressed ~2 debug messages>
Removed 0 unused cells and 9 unused wires.
Using template $paramod$constmap:82d13b1faa4b21cb1487e5b4ddefba1164cb15a1$paramod$40ccfd5a7f1418017a9af25543d0c43a198b5946\_90_shift_shiftx for cells of type $shift.
Using template $paramod$215440792383f7884e57d9c95f84e9552d0bf4ac\_90_alu for cells of type $alu.
Using template $paramod$713617589782cfade849bb573b5c36106c4b708f\_90_alu for cells of type $alu.
Using extmapper simplemap for cells of type $pos.
Using template $paramod\_90_lcu_brent_kung\WIDTH=32'00000000000000000000000000000011 for cells of type $lcu.
Using extmapper simplemap for cells of type $xor.
Using template $paramod\_90_lcu_brent_kung\WIDTH=32'00000000000000000000000000001101 for cells of type $lcu.
Using template $paramod\_90_lcu_brent_kung\WIDTH=32'00000000000000000000000000000100 for cells of type $lcu.
Using template $paramod\_90_lcu_brent_kung\WIDTH=32'00000000000000000000000000001011 for cells of type $lcu.
Using template $paramod\_90_lcu_brent_kung\WIDTH=32'00000000000000000000000000001110 for cells of type $lcu.
No more expansions possible.
<suppressed ~954 debug messages>

108. Executing OPT_EXPR pass (perform const folding).
Optimizing module uart_top.
<suppressed ~539 debug messages>

109. Executing OPT_MERGE pass (detect identical cells).
Finding identical cells in module `\uart_top'.
<suppressed ~249 debug messages>
Removed a total of 83 cells.

110. Executing OPT_DFF pass (perform DFF optimizations).

111. Executing OPT_CLEAN pass (remove unused cells and wires).
Finding unused cells or wires in module \uart_top..
Removed 65 unused cells and 611 unused wires.
<suppressed ~66 debug messages>

112. Executing OPT_EXPR pass (perform const folding).
Optimizing module uart_top.

113. Executing OPT_MERGE pass (detect identical cells).
Finding identical cells in module `\uart_top'.
Removed a total of 0 cells.

114. Executing OPT_DFF pass (perform DFF optimizations).
Adding SRST signal on $auto$ff.cc:266:slice$634 ($_SDFF_PN0_) from module uart_top (D = $flatten\u_uart_tx.$procmux$150.Y_B [12], Q = \u_uart_tx.clk_count [12], rval = 1'0).
Adding SRST signal on $auto$ff.cc:266:slice$633 ($_SDFF_PN0_) from module uart_top (D = $flatten\u_uart_tx.$procmux$150.Y_B [11], Q = \u_uart_tx.clk_count [11], rval = 1'0).
Adding SRST signal on $auto$ff.cc:266:slice$632 ($_SDFF_PN0_) from module uart_top (D = $flatten\u_uart_tx.$procmux$150.Y_B [10], Q = \u_uart_tx.clk_count [10], rval = 1'0).
Adding SRST signal on $auto$ff.cc:266:slice$631 ($_SDFF_PN0_) from module uart_top (D = $flatten\u_uart_tx.$procmux$150.Y_B [9], Q = \u_uart_tx.clk_count [9], rval = 1'0).
Adding SRST signal on $auto$ff.cc:266:slice$630 ($_SDFF_PN0_) from module uart_top (D = $flatten\u_uart_tx.$procmux$150.Y_B [8], Q = \u_uart_tx.clk_count [8], rval = 1'0).
Adding SRST signal on $auto$ff.cc:266:slice$629 ($_SDFF_PN0_) from module uart_top (D = $flatten\u_uart_tx.$procmux$150.Y_B [7], Q = \u_uart_tx.clk_count [7], rval = 1'0).
Adding SRST signal on $auto$ff.cc:266:slice$628 ($_SDFF_PN0_) from module uart_top (D = $flatten\u_uart_tx.$procmux$150.Y_B [6], Q = \u_uart_tx.clk_count [6], rval = 1'0).
Adding SRST signal on $auto$ff.cc:266:slice$627 ($_SDFF_PN0_) from module uart_top (D = $flatten\u_uart_tx.$procmux$150.Y_B [5], Q = \u_uart_tx.clk_count [5], rval = 1'0).
Adding SRST signal on $auto$ff.cc:266:slice$626 ($_SDFF_PN0_) from module uart_top (D = $flatten\u_uart_tx.$procmux$150.Y_B [4], Q = \u_uart_tx.clk_count [4], rval = 1'0).
Adding SRST signal on $auto$ff.cc:266:slice$625 ($_SDFF_PN0_) from module uart_top (D = $flatten\u_uart_tx.$procmux$150.Y_B [3], Q = \u_uart_tx.clk_count [3], rval = 1'0).
Adding SRST signal on $auto$ff.cc:266:slice$624 ($_SDFF_PN0_) from module uart_top (D = $flatten\u_uart_tx.$procmux$150.Y_B [2], Q = \u_uart_tx.clk_count [2], rval = 1'0).
Adding SRST signal on $auto$ff.cc:266:slice$623 ($_SDFF_PN0_) from module uart_top (D = $flatten\u_uart_tx.$procmux$150.Y_B [1], Q = \u_uart_tx.clk_count [1], rval = 1'0).
Adding SRST signal on $auto$ff.cc:266:slice$622 ($_SDFF_PN0_) from module uart_top (D = $flatten\u_uart_tx.$procmux$150.Y_B [0], Q = \u_uart_tx.clk_count [0], rval = 1'0).

115. Executing OPT_CLEAN pass (remove unused cells and wires).
Finding unused cells or wires in module \uart_top..
Removed 13 unused cells and 14 unused wires.
<suppressed ~14 debug messages>

116. Rerunning OPT passes (Removed registers in this run.)

117. Executing OPT_EXPR pass (perform const folding).
Optimizing module uart_top.

118. Executing OPT_MERGE pass (detect identical cells).
Finding identical cells in module `\uart_top'.
<suppressed ~36 debug messages>
Removed a total of 12 cells.

119. Executing OPT_DFF pass (perform DFF optimizations).

120. Executing OPT_CLEAN pass (remove unused cells and wires).
Finding unused cells or wires in module \uart_top..
Removed 0 unused cells and 12 unused wires.
<suppressed ~1 debug messages>

121. Executing ABC pass (technology mapping using ABC).

121.1. Extracting gate netlist of module `\uart_top' to `<abc-temp-dir>/input.blif'..
Extracted 494 gates and 555 wires to a netlist network with 60 inputs and 60 outputs.

121.1.1. Executing ABC.
Running ABC command: "/nix/store/6l3aj1gi4lja8z5s4lan2k2cfz9mqkrz-yosys-abc/bin/abc" -s -f <abc-temp-dir>/abc.script 2>&1
ABC: ABC command line: "source <abc-temp-dir>/abc.script".
ABC: 
ABC: + read_blif <abc-temp-dir>/input.blif 
ABC: + read_library <abc-temp-dir>/stdcells.genlib 
ABC: Entered genlib library with 13 gates from file "<abc-temp-dir>/stdcells.genlib".
ABC: + strash 
ABC: + dretime 
ABC: + map 
ABC: + write_blif <abc-temp-dir>/output.blif 

121.1.2. Re-integrating ABC results.
ABC RESULTS:               MUX cells:        9
ABC RESULTS:               AND cells:        8
ABC RESULTS:              XNOR cells:        7
ABC RESULTS:               XOR cells:       23
ABC RESULTS:               NOT cells:       13
ABC RESULTS:              NAND cells:       26
ABC RESULTS:             ORNOT cells:       34
ABC RESULTS:               NOR cells:       12
ABC RESULTS:            ANDNOT cells:      158
ABC RESULTS:                OR cells:      142
ABC RESULTS:        internal signals:      435
ABC RESULTS:           input signals:       60
ABC RESULTS:          output signals:       60
Removing temp directory.

122. Executing OPT pass (performing simple optimizations).

122.1. Executing OPT_EXPR pass (perform const folding).
Optimizing module uart_top.
<suppressed ~4 debug messages>

122.2. Executing OPT_MERGE pass (detect identical cells).
Finding identical cells in module `\uart_top'.
Removed a total of 0 cells.

122.3. Executing OPT_DFF pass (perform DFF optimizations).

122.4. Executing OPT_CLEAN pass (remove unused cells and wires).
Finding unused cells or wires in module \uart_top..
Removed 1 unused cells and 269 unused wires.
<suppressed ~2 debug messages>

122.5. Finished fast OPT passes.

123. Executing HIERARCHY pass (managing design hierarchy).

123.1. Analyzing design hierarchy..
Top module:  \uart_top

123.2. Analyzing design hierarchy..
Top module:  \uart_top
Removed 0 unused modules.

124. Executing CHECK pass (checking for obvious problems).
Checking module uart_top...
Found and reported 0 problems.

125. Printing statistics.

=== uart_top ===

   Number of wires:                433
   Number of wire bits:            540
   Number of public wires:          27
   Number of public wire bits:      97
   Number of ports:                  9
   Number of port bits:             23
   Number of memories:               0
   Number of memory bits:            0
   Number of processes:              0
   Number of cells:                493
     $_ANDNOT_                     158
     $_AND_                          8
     $_DFFE_PP_                     16
     $_DFF_P_                        8
     $_MUX_                          9
     $_NAND_                        26
     $_NOR_                         12
     $_NOT_                         12
     $_ORNOT_                       34
     $_OR_                         142
     $_SDFFE_PN0P_                  20
     $_SDFF_PN0_                    15
     $_SDFF_PN1_                     1
     $_XNOR_                         7
     $_XOR_                         23
     $scopeinfo                      2

126. Generating Graphviz representation of design.
Writing dot description to `/home/sachin/vlsi/uart-rtl-to-gdsii/runs/RUN_2026-06-11_16-06-53/01-yosys-synthesis/primitive_techmap.dot'.
Dumping module uart_top to page 1.

127. Executing OPT pass (performing simple optimizations).

127.1. Executing OPT_EXPR pass (perform const folding).
Optimizing module uart_top.

127.2. Executing OPT_MERGE pass (detect identical cells).
Finding identical cells in module `\uart_top'.
Removed a total of 0 cells.

127.3. Executing OPT_MUXTREE pass (detect dead branches in mux trees).
Running muxtree optimizer on module \uart_top..
  Creating internal representation of mux trees.
  No muxes found in this module.
Removed 0 multiplexer ports.

127.4. Executing OPT_REDUCE pass (consolidate $*mux and $reduce_* inputs).
  Optimizing cells in module \uart_top.
Performed a total of 0 changes.

127.5. Executing OPT_MERGE pass (detect identical cells).
Finding identical cells in module `\uart_top'.
Removed a total of 0 cells.

127.6. Executing OPT_DFF pass (perform DFF optimizations).

127.7. Executing OPT_CLEAN pass (remove unused cells and wires).
Finding unused cells or wires in module \uart_top..

127.8. Executing OPT_EXPR pass (perform const folding).
Optimizing module uart_top.

127.9. Finished OPT passes. (There is nothing left to do.)

128. Executing OPT_CLEAN pass (remove unused cells and wires).
Finding unused cells or wires in module \uart_top..
Removed 2 unused cells and 11 unused wires.
<suppressed ~13 debug messages>
{
   "creator": "Yosys 0.46 (git sha1 e97731b9dda91fa5fa53ed87df7c34163ba59a41, clang++ 17.0.6 -fPIC -O3)",
   "invocation": "stat -json -liberty /home/sachin/vlsi/uart-rtl-to-gdsii/runs/RUN_2026-06-11_16-06-53/tmp/30ea5ffd67ff4f129d6bfbeadca35d3b.lib ",
   "modules": {
      "\\uart_top": {
         "num_wires":         422,
         "num_wire_bits":     515,
         "num_pub_wires":     16,
         "num_pub_wire_bits": 72,
         "num_ports":         9,
         "num_port_bits":     23,
         "num_memories":      0,
         "num_memory_bits":   0,
         "num_processes":     0,
         "num_cells":         491,
         "num_cells_by_type": {
            "$_ANDNOT_": 158,
            "$_AND_": 8,
            "$_DFFE_PP_": 16,
            "$_DFF_P_": 8,
            "$_MUX_": 9,
            "$_NAND_": 26,
            "$_NOR_": 12,
            "$_NOT_": 12,
            "$_ORNOT_": 34,
            "$_OR_": 142,
            "$_SDFFE_PN0P_": 20,
            "$_SDFF_PN0_": 15,
            "$_SDFF_PN1_": 1,
            "$_XNOR_": 7,
            "$_XOR_": 23
         }
      }
   },
      "design": {
         "num_wires":         422,
         "num_wire_bits":     515,
         "num_pub_wires":     16,
         "num_pub_wire_bits": 72,
         "num_ports":         9,
         "num_port_bits":     23,
         "num_memories":      0,
         "num_memory_bits":   0,
         "num_processes":     0,
         "num_cells":         491,
         "num_cells_by_type": {
            "$_ANDNOT_": 158,
            "$_AND_": 8,
            "$_DFFE_PP_": 16,
            "$_DFF_P_": 8,
            "$_MUX_": 9,
            "$_NAND_": 26,
            "$_NOR_": 12,
            "$_NOT_": 12,
            "$_ORNOT_": 34,
            "$_OR_": 142,
            "$_SDFFE_PN0P_": 20,
            "$_SDFF_PN0_": 15,
            "$_SDFF_PN1_": 1,
            "$_XNOR_": 7,
            "$_XOR_": 23
         }
      }
}

129. Printing statistics.

=== uart_top ===

   Number of wires:                422
   Number of wire bits:            515
   Number of public wires:          16
   Number of public wire bits:      72
   Number of ports:                  9
   Number of port bits:             23
   Number of memories:               0
   Number of memory bits:            0
   Number of processes:              0
   Number of cells:                491
     $_ANDNOT_                     158
     $_AND_                          8
     $_DFFE_PP_                     16
     $_DFF_P_                        8
     $_MUX_                          9
     $_NAND_                        26
     $_NOR_                         12
     $_NOT_                         12
     $_ORNOT_                       34
     $_OR_                         142
     $_SDFFE_PN0P_                  20
     $_SDFF_PN0_                    15
     $_SDFF_PN1_                     1
     $_XNOR_                         7
     $_XOR_                         23

   Area for cell type $_NOT_ is unknown!
   Area for cell type $_AND_ is unknown!
   Area for cell type $_NAND_ is unknown!
   Area for cell type $_OR_ is unknown!
   Area for cell type $_NOR_ is unknown!
   Area for cell type $_XOR_ is unknown!
   Area for cell type $_XNOR_ is unknown!
   Area for cell type $_ANDNOT_ is unknown!
   Area for cell type $_ORNOT_ is unknown!
   Area for cell type $_MUX_ is unknown!
   Area for cell type $_DFF_P_ is unknown!
   Area for cell type $_DFFE_PP_ is unknown!
   Area for cell type $_SDFF_PN0_ is unknown!
   Area for cell type $_SDFF_PN1_ is unknown!
   Area for cell type $_SDFFE_PN0P_ is unknown!

[INFO] Applying tri-state buffer mapping from '/home/sachin/.volare/volare/sky130/versions/0fe599b2afb6708d281543108caf8310912f54af/sky130A/libs.tech/openlane/sky130_fd_sc_hd/tribuff_map.v'…

130. Executing TECHMAP pass (map to technology primitives).

130.1. Executing Verilog-2005 frontend: /home/sachin/.volare/volare/sky130/versions/0fe599b2afb6708d281543108caf8310912f54af/sky130A/libs.tech/openlane/sky130_fd_sc_hd/tribuff_map.v
Parsing Verilog input from `/home/sachin/.volare/volare/sky130/versions/0fe599b2afb6708d281543108caf8310912f54af/sky130A/libs.tech/openlane/sky130_fd_sc_hd/tribuff_map.v' to AST representation.
Generating RTLIL representation for module `\$_TBUF_'.
Successfully finished Verilog frontend.

130.2. Continuing TECHMAP pass.
No more expansions possible.
<suppressed ~3 debug messages>

131. Executing SIMPLEMAP pass (map simple cells to gate primitives).
[INFO] Applying latch mapping from '/home/sachin/.volare/volare/sky130/versions/0fe599b2afb6708d281543108caf8310912f54af/sky130A/libs.tech/openlane/sky130_fd_sc_hd/latch_map.v'…

132. Executing TECHMAP pass (map to technology primitives).

132.1. Executing Verilog-2005 frontend: /home/sachin/.volare/volare/sky130/versions/0fe599b2afb6708d281543108caf8310912f54af/sky130A/libs.tech/openlane/sky130_fd_sc_hd/latch_map.v
Parsing Verilog input from `/home/sachin/.volare/volare/sky130/versions/0fe599b2afb6708d281543108caf8310912f54af/sky130A/libs.tech/openlane/sky130_fd_sc_hd/latch_map.v' to AST representation.
Generating RTLIL representation for module `\$_DLATCH_P_'.
Generating RTLIL representation for module `\$_DLATCH_N_'.
Successfully finished Verilog frontend.

132.2. Continuing TECHMAP pass.
No more expansions possible.
<suppressed ~4 debug messages>

133. Executing SIMPLEMAP pass (map simple cells to gate primitives).

134. Executing DFFLIBMAP pass (mapping DFF cells to sequential cells from liberty file).
  cell sky130_fd_sc_hd__dfxtp_2 (noninv, pins=3, area=21.27) is a direct match for cell type $_DFF_P_.
  cell sky130_fd_sc_hd__dfrtp_2 (noninv, pins=4, area=26.28) is a direct match for cell type $_DFF_PN0_.
  cell sky130_fd_sc_hd__dfstp_2 (noninv, pins=4, area=26.28) is a direct match for cell type $_DFF_PN1_.
  cell sky130_fd_sc_hd__dfbbn_2 (noninv, pins=6, area=35.03) is a direct match for cell type $_DFFSR_NNN_.
  final dff cell mappings:
    unmapped dff cell: $_DFF_N_
    \sky130_fd_sc_hd__dfxtp_2 _DFF_P_ (.CLK( C), .D( D), .Q( Q));
    unmapped dff cell: $_DFF_NN0_
    unmapped dff cell: $_DFF_NN1_
    unmapped dff cell: $_DFF_NP0_
    unmapped dff cell: $_DFF_NP1_
    \sky130_fd_sc_hd__dfrtp_2 _DFF_PN0_ (.CLK( C), .D( D), .Q( Q), .RESET_B( R));
    \sky130_fd_sc_hd__dfstp_2 _DFF_PN1_ (.CLK( C), .D( D), .Q( Q), .SET_B( R));
    unmapped dff cell: $_DFF_PP0_
    unmapped dff cell: $_DFF_PP1_
    \sky130_fd_sc_hd__dfbbn_2 _DFFSR_NNN_ (.CLK_N( C), .D( D), .Q( Q), .Q_N(~Q), .RESET_B( R), .SET_B( S));
    unmapped dff cell: $_DFFSR_NNP_
    unmapped dff cell: $_DFFSR_NPN_
    unmapped dff cell: $_DFFSR_NPP_
    unmapped dff cell: $_DFFSR_PNN_
    unmapped dff cell: $_DFFSR_PNP_
    unmapped dff cell: $_DFFSR_PPN_
    unmapped dff cell: $_DFFSR_PPP_

134.1. Executing DFFLEGALIZE pass (convert FFs to types supported by the target).
Mapping DFF cells in module `\uart_top':
  mapped 60 $_DFF_P_ cells to \sky130_fd_sc_hd__dfxtp_2 cells.
{
   "creator": "Yosys 0.46 (git sha1 e97731b9dda91fa5fa53ed87df7c34163ba59a41, clang++ 17.0.6 -fPIC -O3)",
   "invocation": "stat -json -liberty /home/sachin/vlsi/uart-rtl-to-gdsii/runs/RUN_2026-06-11_16-06-53/tmp/30ea5ffd67ff4f129d6bfbeadca35d3b.lib ",
   "modules": {
      "\\uart_top": {
         "num_wires":         494,
         "num_wire_bits":     587,
         "num_pub_wires":     16,
         "num_pub_wire_bits": 72,
         "num_ports":         9,
         "num_port_bits":     23,
         "num_memories":      0,
         "num_memory_bits":   0,
         "num_processes":     0,
         "num_cells":         563,
         "area":              1276.224000,
         "num_cells_by_type": {
            "$_ANDNOT_": 158,
            "$_AND_": 8,
            "$_MUX_": 81,
            "$_NAND_": 26,
            "$_NOR_": 12,
            "$_NOT_": 12,
            "$_ORNOT_": 34,
            "$_OR_": 142,
            "$_XNOR_": 7,
            "$_XOR_": 23,
            "sky130_fd_sc_hd__dfxtp_2": 60
         }
      }
   },
      "design": {
         "num_wires":         494,
         "num_wire_bits":     587,
         "num_pub_wires":     16,
         "num_pub_wire_bits": 72,
         "num_ports":         9,
         "num_port_bits":     23,
         "num_memories":      0,
         "num_memory_bits":   0,
         "num_processes":     0,
         "num_cells":         563,
         "area":              1276.224000,
         "num_cells_by_type": {
            "$_ANDNOT_": 158,
            "$_AND_": 8,
            "$_MUX_": 81,
            "$_NAND_": 26,
            "$_NOR_": 12,
            "$_NOT_": 12,
            "$_ORNOT_": 34,
            "$_OR_": 142,
            "$_XNOR_": 7,
            "$_XOR_": 23,
            "sky130_fd_sc_hd__dfxtp_2": 60
         }
      }
}

135. Printing statistics.

=== uart_top ===

   Number of wires:                494
   Number of wire bits:            587
   Number of public wires:          16
   Number of public wire bits:      72
   Number of ports:                  9
   Number of port bits:             23
   Number of memories:               0
   Number of memory bits:            0
   Number of processes:              0
   Number of cells:                563
     $_ANDNOT_                     158
     $_AND_                          8
     $_MUX_                         81
     $_NAND_                        26
     $_NOR_                         12
     $_NOT_                         12
     $_ORNOT_                       34
     $_OR_                         142
     $_XNOR_                         7
     $_XOR_                         23
     sky130_fd_sc_hd__dfxtp_2       60

   Area for cell type $_NOT_ is unknown!
   Area for cell type $_AND_ is unknown!
   Area for cell type $_NAND_ is unknown!
   Area for cell type $_OR_ is unknown!
   Area for cell type $_NOR_ is unknown!
   Area for cell type $_XOR_ is unknown!
   Area for cell type $_XNOR_ is unknown!
   Area for cell type $_ANDNOT_ is unknown!
   Area for cell type $_ORNOT_ is unknown!
   Area for cell type $_MUX_ is unknown!

   Chip area for module '\uart_top': 1276.224000
     of which used for sequential elements: 1276.224000 (100.00%)

[INFO] Using generated ABC script '/home/sachin/vlsi/uart-rtl-to-gdsii/runs/RUN_2026-06-11_16-06-53/01-yosys-synthesis/AREA_0.abc'…

136. Executing ABC pass (technology mapping using ABC).

136.1. Extracting gate netlist of module `\uart_top' to `/tmp/yosys-abc-eTcHc3/input.blif'..
Extracted 503 gates and 573 wires to a netlist network with 68 inputs and 60 outputs.

136.1.1. Executing ABC.
Running ABC command: "/nix/store/6l3aj1gi4lja8z5s4lan2k2cfz9mqkrz-yosys-abc/bin/abc" -s -f /tmp/yosys-abc-eTcHc3/abc.script 2>&1
ABC: ABC command line: "source /tmp/yosys-abc-eTcHc3/abc.script".
ABC: 
ABC: + read_blif /tmp/yosys-abc-eTcHc3/input.blif 
ABC: + read_lib -w /home/sachin/vlsi/uart-rtl-to-gdsii/runs/RUN_2026-06-11_16-06-53/tmp/30ea5ffd67ff4f129d6bfbeadca35d3b.lib 
ABC: Parsing finished successfully.  Parsing time =     0.06 sec
ABC: Scl_LibertyReadGenlib() skipped sequential cell "sky130_fd_sc_hd__dfbbn_2".
ABC: Scl_LibertyReadGenlib() skipped sequential cell "sky130_fd_sc_hd__dfrbp_2".
ABC: Scl_LibertyReadGenlib() skipped sequential cell "sky130_fd_sc_hd__dfrtp_2".
ABC: Scl_LibertyReadGenlib() skipped sequential cell "sky130_fd_sc_hd__dfrtp_4".
ABC: Scl_LibertyReadGenlib() skipped sequential cell "sky130_fd_sc_hd__dfsbp_2".
ABC: Scl_LibertyReadGenlib() skipped sequential cell "sky130_fd_sc_hd__dfstp_2".
ABC: Scl_LibertyReadGenlib() skipped sequential cell "sky130_fd_sc_hd__dfstp_4".
ABC: Scl_LibertyReadGenlib() skipped sequential cell "sky130_fd_sc_hd__dfxbp_2".
ABC: Scl_LibertyReadGenlib() skipped sequential cell "sky130_fd_sc_hd__dfxtp_2".
ABC: Scl_LibertyReadGenlib() skipped sequential cell "sky130_fd_sc_hd__dfxtp_4".
ABC: Scl_LibertyReadGenlib() skipped sequential cell "sky130_fd_sc_hd__dlxtn_1".
ABC: Scl_LibertyReadGenlib() skipped sequential cell "sky130_fd_sc_hd__dlxtn_2".
ABC: Scl_LibertyReadGenlib() skipped sequential cell "sky130_fd_sc_hd__dlxtn_4".
ABC: Scl_LibertyReadGenlib() skipped sequential cell "sky130_fd_sc_hd__dlxtp_1".
ABC: Scl_LibertyReadGenlib() skipped three-state cell "sky130_fd_sc_hd__ebufn_2".
ABC: Scl_LibertyReadGenlib() skipped three-state cell "sky130_fd_sc_hd__ebufn_4".
ABC: Scl_LibertyReadGenlib() skipped three-state cell "sky130_fd_sc_hd__ebufn_8".
ABC: Library "sky130_fd_sc_hd__tt_025C_1v80" from "/home/sachin/vlsi/uart-rtl-to-gdsii/runs/RUN_2026-06-11_16-06-53/tmp/30ea5ffd67ff4f129d6bfbeadca35d3b.lib" has 175 cells (17 skipped: 14 seq; 3 tri-state; 0 no func; 0 dont_use).  Time =     0.11 sec
ABC: Memory =    9.54 MB. Time =     0.11 sec
ABC: Warning: Detected 2 multi-output gates (for example, "sky130_fd_sc_hd__fa_1").
ABC: + read_constr -v /home/sachin/vlsi/uart-rtl-to-gdsii/runs/RUN_2026-06-11_16-06-53/01-yosys-synthesis/synthesis.abc.sdc 
ABC: Setting driving cell to be "sky130_fd_sc_hd__inv_2/Y".
ABC: Setting output load to be 33.442001.
ABC: + source /home/sachin/vlsi/uart-rtl-to-gdsii/runs/RUN_2026-06-11_16-06-53/01-yosys-synthesis/AREA_0.abc 
ABC: Error: The network is combinational.
ABC: Cannot find the default PI driving cell (sky130_fd_sc_hd__inv_2/Y) in the library.
ABC: WireLoad = "none"  Gates =    207 (  7.7 %)   Cap = 12.4 ff (  4.0 %)   Area =     1757.94 ( 82.1 %)   Delay =  2500.75 ps  ( 10.1 %)               
ABC: Path  0 --      14 : 0    6 pi                      A =   0.00  Df =   0.0   -0.0 ps  S =   0.0 ps  Cin =  0.0 ff  Cout =  13.3 ff  Cmax =   0.0 ff  G =    0  
ABC: Path  1 --     152 : 4    1 sky130_fd_sc_hd__and4_2 A =  10.01  Df = 196.7  -11.1 ps  S =  43.4 ps  Cin =  1.5 ff  Cout =   1.5 ff  Cmax = 300.3 ff  G =   94  
ABC: Path  2 --     153 : 4    1 sky130_fd_sc_hd__or4b_2 A =  10.01  Df = 752.7 -370.9 ps  S =  96.0 ps  Cin =  1.5 ff  Cout =   2.5 ff  Cmax = 265.5 ff  G =  160  
ABC: Path  3 --     155 : 4    4 sky130_fd_sc_hd__o31a_2 A =  10.01  Df =1115.2 -579.9 ps  S =  72.7 ps  Cin =  2.3 ff  Cout =  10.1 ff  Cmax = 285.7 ff  G =  415  
ABC: Path  4 --     186 : 3   11 sky130_fd_sc_hd__and3_2 A =   7.51  Df =1427.4  -68.8 ps  S = 117.7 ps  Cin =  1.5 ff  Cout =  19.1 ff  Cmax = 309.5 ff  G = 1218  
ABC: Path  5 --     328 : 4    1 sky130_fd_sc_hd__or4b_2 A =  10.01  Df =2026.5 -462.2 ps  S = 102.5 ps  Cin =  1.5 ff  Cout =   3.5 ff  Cmax = 265.5 ff  G =  231  
ABC: Path  6 --     329 : 3    1 sky130_fd_sc_hd__mux2_1 A =  11.26  Df =2500.8 -561.6 ps  S = 300.0 ps  Cin =  2.3 ff  Cout =  33.4 ff  Cmax = 173.0 ff  G = 1465  
ABC: Start-point = pi13 (\u_uart_rx.clk_count [0]).  End-point = po56 ($auto$rtlil.cc:2739:MuxGate$2985).
ABC: netlist                       : i/o =   68/   60  lat =    0  nd =   207  edge =    598  area =1758.18  delay = 6.00  lev = 6
ABC: + write_blif /tmp/yosys-abc-eTcHc3/output.blif 

136.1.2. Re-integrating ABC results.
ABC RESULTS:   sky130_fd_sc_hd__and4bb_2 cells:        1
ABC RESULTS:   sky130_fd_sc_hd__o31a_2 cells:        2
ABC RESULTS:   sky130_fd_sc_hd__or4bb_2 cells:        1
ABC RESULTS:   sky130_fd_sc_hd__a221o_2 cells:        1
ABC RESULTS:   sky130_fd_sc_hd__nand3b_2 cells:        1
ABC RESULTS:   sky130_fd_sc_hd__or3b_2 cells:        1
ABC RESULTS:   sky130_fd_sc_hd__a41o_2 cells:        1
ABC RESULTS:   sky130_fd_sc_hd__a2bb2o_2 cells:        1
ABC RESULTS:   sky130_fd_sc_hd__a22o_2 cells:        1
ABC RESULTS:   sky130_fd_sc_hd__o31ai_2 cells:        1
ABC RESULTS:   sky130_fd_sc_hd__nor2_2 cells:        4
ABC RESULTS:   sky130_fd_sc_hd__and2b_2 cells:        3
ABC RESULTS:   sky130_fd_sc_hd__o21ai_2 cells:        5
ABC RESULTS:   sky130_fd_sc_hd__mux4_2 cells:        2
ABC RESULTS:   sky130_fd_sc_hd__a2111o_2 cells:        2
ABC RESULTS:   sky130_fd_sc_hd__and4b_2 cells:        1
ABC RESULTS:   sky130_fd_sc_hd__and3b_2 cells:        8
ABC RESULTS:   sky130_fd_sc_hd__nor4_2 cells:        2
ABC RESULTS:   sky130_fd_sc_hd__o21a_2 cells:        8
ABC RESULTS:   sky130_fd_sc_hd__a21oi_2 cells:        3
ABC RESULTS:   sky130_fd_sc_hd__nand2b_2 cells:        2
ABC RESULTS:   sky130_fd_sc_hd__a211o_2 cells:        2
ABC RESULTS:   sky130_fd_sc_hd__a211oi_2 cells:        2
ABC RESULTS:   sky130_fd_sc_hd__nand3_2 cells:        4
ABC RESULTS:   sky130_fd_sc_hd__and2_2 cells:       12
ABC RESULTS:   sky130_fd_sc_hd__and4_2 cells:        6
ABC RESULTS:   sky130_fd_sc_hd__inv_2 cells:       16
ABC RESULTS:   sky130_fd_sc_hd__a21o_2 cells:        8
ABC RESULTS:   sky130_fd_sc_hd__o211a_2 cells:        6
ABC RESULTS:   sky130_fd_sc_hd__a31o_2 cells:        6
ABC RESULTS:   sky130_fd_sc_hd__nand4_2 cells:        1
ABC RESULTS:   sky130_fd_sc_hd__and3_2 cells:       31
ABC RESULTS:   sky130_fd_sc_hd__or2_2 cells:       16
ABC RESULTS:   sky130_fd_sc_hd__nand2_2 cells:       13
ABC RESULTS:   sky130_fd_sc_hd__or4_2 cells:        4
ABC RESULTS:   sky130_fd_sc_hd__or4b_2 cells:        8
ABC RESULTS:   sky130_fd_sc_hd__or3_2 cells:        4
ABC RESULTS:   sky130_fd_sc_hd__mux2_1 cells:       17
ABC RESULTS:        internal signals:      445
ABC RESULTS:           input signals:       68
ABC RESULTS:          output signals:       60
Removing temp directory.

137. Executing SETUNDEF pass (replace undef values with defined constants).

138. Executing HILOMAP pass (mapping to constant drivers).

139. Executing SPLITNETS pass (splitting up multi-bit signals).

140. Executing OPT_CLEAN pass (remove unused cells and wires).
Finding unused cells or wires in module \uart_top..
Removed 0 unused cells and 583 unused wires.
<suppressed ~1 debug messages>

141. Executing INSBUF pass (insert buffer cells for connected wires).

142. Executing CHECK pass (checking for obvious problems).
Checking module uart_top...
Found and reported 0 problems.
{
   "creator": "Yosys 0.46 (git sha1 e97731b9dda91fa5fa53ed87df7c34163ba59a41, clang++ 17.0.6 -fPIC -O3)",
   "invocation": "stat -json -liberty /home/sachin/vlsi/uart-rtl-to-gdsii/runs/RUN_2026-06-11_16-06-53/tmp/30ea5ffd67ff4f129d6bfbeadca35d3b.lib ",
   "modules": {
      "\\uart_top": {
         "num_wires":         265,
         "num_wire_bits":     279,
         "num_pub_wires":     58,
         "num_pub_wire_bits": 72,
         "num_ports":         9,
         "num_port_bits":     23,
         "num_memories":      0,
         "num_memory_bits":   0,
         "num_processes":     0,
         "num_cells":         267,
         "area":              3034.160000,
         "num_cells_by_type": {
            "sky130_fd_sc_hd__a2111o_2": 2,
            "sky130_fd_sc_hd__a211o_2": 2,
            "sky130_fd_sc_hd__a211oi_2": 2,
            "sky130_fd_sc_hd__a21o_2": 8,
            "sky130_fd_sc_hd__a21oi_2": 3,
            "sky130_fd_sc_hd__a221o_2": 1,
            "sky130_fd_sc_hd__a22o_2": 1,
            "sky130_fd_sc_hd__a2bb2o_2": 1,
            "sky130_fd_sc_hd__a31o_2": 6,
            "sky130_fd_sc_hd__a41o_2": 1,
            "sky130_fd_sc_hd__and2_2": 12,
            "sky130_fd_sc_hd__and2b_2": 3,
            "sky130_fd_sc_hd__and3_2": 31,
            "sky130_fd_sc_hd__and3b_2": 8,
            "sky130_fd_sc_hd__and4_2": 6,
            "sky130_fd_sc_hd__and4b_2": 1,
            "sky130_fd_sc_hd__and4bb_2": 1,
            "sky130_fd_sc_hd__dfxtp_2": 60,
            "sky130_fd_sc_hd__inv_2": 16,
            "sky130_fd_sc_hd__mux2_1": 17,
            "sky130_fd_sc_hd__mux4_2": 2,
            "sky130_fd_sc_hd__nand2_2": 13,
            "sky130_fd_sc_hd__nand2b_2": 2,
            "sky130_fd_sc_hd__nand3_2": 4,
            "sky130_fd_sc_hd__nand3b_2": 1,
            "sky130_fd_sc_hd__nand4_2": 1,
            "sky130_fd_sc_hd__nor2_2": 4,
            "sky130_fd_sc_hd__nor4_2": 2,
            "sky130_fd_sc_hd__o211a_2": 6,
            "sky130_fd_sc_hd__o21a_2": 8,
            "sky130_fd_sc_hd__o21ai_2": 5,
            "sky130_fd_sc_hd__o31a_2": 2,
            "sky130_fd_sc_hd__o31ai_2": 1,
            "sky130_fd_sc_hd__or2_2": 16,
            "sky130_fd_sc_hd__or3_2": 4,
            "sky130_fd_sc_hd__or3b_2": 1,
            "sky130_fd_sc_hd__or4_2": 4,
            "sky130_fd_sc_hd__or4b_2": 8,
            "sky130_fd_sc_hd__or4bb_2": 1
         }
      }
   },
      "design": {
         "num_wires":         265,
         "num_wire_bits":     279,
         "num_pub_wires":     58,
         "num_pub_wire_bits": 72,
         "num_ports":         9,
         "num_port_bits":     23,
         "num_memories":      0,
         "num_memory_bits":   0,
         "num_processes":     0,
         "num_cells":         267,
         "area":              3034.160000,
         "num_cells_by_type": {
            "sky130_fd_sc_hd__a2111o_2": 2,
            "sky130_fd_sc_hd__a211o_2": 2,
            "sky130_fd_sc_hd__a211oi_2": 2,
            "sky130_fd_sc_hd__a21o_2": 8,
            "sky130_fd_sc_hd__a21oi_2": 3,
            "sky130_fd_sc_hd__a221o_2": 1,
            "sky130_fd_sc_hd__a22o_2": 1,
            "sky130_fd_sc_hd__a2bb2o_2": 1,
            "sky130_fd_sc_hd__a31o_2": 6,
            "sky130_fd_sc_hd__a41o_2": 1,
            "sky130_fd_sc_hd__and2_2": 12,
            "sky130_fd_sc_hd__and2b_2": 3,
            "sky130_fd_sc_hd__and3_2": 31,
            "sky130_fd_sc_hd__and3b_2": 8,
            "sky130_fd_sc_hd__and4_2": 6,
            "sky130_fd_sc_hd__and4b_2": 1,
            "sky130_fd_sc_hd__and4bb_2": 1,
            "sky130_fd_sc_hd__dfxtp_2": 60,
            "sky130_fd_sc_hd__inv_2": 16,
            "sky130_fd_sc_hd__mux2_1": 17,
            "sky130_fd_sc_hd__mux4_2": 2,
            "sky130_fd_sc_hd__nand2_2": 13,
            "sky130_fd_sc_hd__nand2b_2": 2,
            "sky130_fd_sc_hd__nand3_2": 4,
            "sky130_fd_sc_hd__nand3b_2": 1,
            "sky130_fd_sc_hd__nand4_2": 1,
            "sky130_fd_sc_hd__nor2_2": 4,
            "sky130_fd_sc_hd__nor4_2": 2,
            "sky130_fd_sc_hd__o211a_2": 6,
            "sky130_fd_sc_hd__o21a_2": 8,
            "sky130_fd_sc_hd__o21ai_2": 5,
            "sky130_fd_sc_hd__o31a_2": 2,
            "sky130_fd_sc_hd__o31ai_2": 1,
            "sky130_fd_sc_hd__or2_2": 16,
            "sky130_fd_sc_hd__or3_2": 4,
            "sky130_fd_sc_hd__or3b_2": 1,
            "sky130_fd_sc_hd__or4_2": 4,
            "sky130_fd_sc_hd__or4b_2": 8,
            "sky130_fd_sc_hd__or4bb_2": 1
         }
      }
}

143. Printing statistics.

=== uart_top ===

   Number of wires:                265
   Number of wire bits:            279
   Number of public wires:          58
   Number of public wire bits:      72
   Number of ports:                  9
   Number of port bits:             23
   Number of memories:               0
   Number of memory bits:            0
   Number of processes:              0
   Number of cells:                267
     sky130_fd_sc_hd__a2111o_2       2
     sky130_fd_sc_hd__a211o_2        2
     sky130_fd_sc_hd__a211oi_2       2
     sky130_fd_sc_hd__a21o_2         8
     sky130_fd_sc_hd__a21oi_2        3
     sky130_fd_sc_hd__a221o_2        1
     sky130_fd_sc_hd__a22o_2         1
     sky130_fd_sc_hd__a2bb2o_2       1
     sky130_fd_sc_hd__a31o_2         6
     sky130_fd_sc_hd__a41o_2         1
     sky130_fd_sc_hd__and2_2        12
     sky130_fd_sc_hd__and2b_2        3
     sky130_fd_sc_hd__and3_2        31
     sky130_fd_sc_hd__and3b_2        8
     sky130_fd_sc_hd__and4_2         6
     sky130_fd_sc_hd__and4b_2        1
     sky130_fd_sc_hd__and4bb_2       1
     sky130_fd_sc_hd__dfxtp_2       60
     sky130_fd_sc_hd__inv_2         16
     sky130_fd_sc_hd__mux2_1        17
     sky130_fd_sc_hd__mux4_2         2
     sky130_fd_sc_hd__nand2_2       13
     sky130_fd_sc_hd__nand2b_2       2
     sky130_fd_sc_hd__nand3_2        4
     sky130_fd_sc_hd__nand3b_2       1
     sky130_fd_sc_hd__nand4_2        1
     sky130_fd_sc_hd__nor2_2         4
     sky130_fd_sc_hd__nor4_2         2
     sky130_fd_sc_hd__o211a_2        6
     sky130_fd_sc_hd__o21a_2         8
     sky130_fd_sc_hd__o21ai_2        5
     sky130_fd_sc_hd__o31a_2         2
     sky130_fd_sc_hd__o31ai_2        1
     sky130_fd_sc_hd__or2_2         16
     sky130_fd_sc_hd__or3_2          4
     sky130_fd_sc_hd__or3b_2         1
     sky130_fd_sc_hd__or4_2          4
     sky130_fd_sc_hd__or4b_2         8
     sky130_fd_sc_hd__or4bb_2        1

   Chip area for module '\uart_top': 3034.160000
     of which used for sequential elements: 1276.224000 (42.06%)

144. Executing Verilog backend.
Dumping module `\uart_top'.

145. Executing JSON backend.
