#! /c/Source/iverilog-install/bin/vvp
:ivl_version "12.0 (devel)" "(s20150603-1110-g18392a46)";
:ivl_delay_selection "TYPICAL";
:vpi_time_precision + 0;
:vpi_module "C:\Users\sachi\iverilog\lib\ivl\system.vpi";
:vpi_module "C:\Users\sachi\iverilog\lib\ivl\vhdl_sys.vpi";
:vpi_module "C:\Users\sachi\iverilog\lib\ivl\vhdl_textio.vpi";
:vpi_module "C:\Users\sachi\iverilog\lib\ivl\v2005_math.vpi";
:vpi_module "C:\Users\sachi\iverilog\lib\ivl\va_math.vpi";
S_00000254c81d63f0 .scope module, "tb_mux4x1" "tb_mux4x1" 2 1;
 .timescale 0 0;
v00000254c81d3df0_0 .var "d0", 0 0;
v00000254c81d3e90_0 .var "d1", 0 0;
v00000254c81d3f30_0 .var "d2", 0 0;
v00000254c81d3fd0_0 .var "d3", 0 0;
v00000254c81d4070_0 .var "sel", 1 0;
v00000254c81d4110_0 .net "y", 0 0, v00000254c81d67b0_0;  1 drivers
S_00000254c81d6580 .scope module, "DUT" "mux4x1" 2 8, 3 1 0, S_00000254c81d63f0;
 .timescale 0 0;
    .port_info 0 /INPUT 1 "d0";
    .port_info 1 /INPUT 1 "d1";
    .port_info 2 /INPUT 1 "d2";
    .port_info 3 /INPUT 1 "d3";
    .port_info 4 /INPUT 2 "sel";
    .port_info 5 /OUTPUT 1 "y";
v00000254c81a2dd0_0 .net "d0", 0 0, v00000254c81d3df0_0;  1 drivers
v00000254c81a2b20_0 .net "d1", 0 0, v00000254c81d3e90_0;  1 drivers
v00000254c82ebe50_0 .net "d2", 0 0, v00000254c81d3f30_0;  1 drivers
v00000254c82ebef0_0 .net "d3", 0 0, v00000254c81d3fd0_0;  1 drivers
v00000254c81d6710_0 .net "sel", 1 0, v00000254c81d4070_0;  1 drivers
v00000254c81d67b0_0 .var "y", 0 0;
E_00000254c82ea520/0 .event anyedge, v00000254c81d6710_0, v00000254c81a2dd0_0, v00000254c81a2b20_0, v00000254c82ebe50_0;
E_00000254c82ea520/1 .event anyedge, v00000254c82ebef0_0;
E_00000254c82ea520 .event/or E_00000254c82ea520/0, E_00000254c82ea520/1;
    .scope S_00000254c81d6580;
T_0 ;
    %wait E_00000254c82ea520;
    %load/vec4 v00000254c81d6710_0;
    %dup/vec4;
    %pushi/vec4 0, 0, 2;
    %cmp/u;
    %jmp/1 T_0.0, 6;
    %dup/vec4;
    %pushi/vec4 1, 0, 2;
    %cmp/u;
    %jmp/1 T_0.1, 6;
    %dup/vec4;
    %pushi/vec4 2, 0, 2;
    %cmp/u;
    %jmp/1 T_0.2, 6;
    %dup/vec4;
    %pushi/vec4 3, 0, 2;
    %cmp/u;
    %jmp/1 T_0.3, 6;
    %pushi/vec4 0, 0, 1;
    %store/vec4 v00000254c81d67b0_0, 0, 1;
    %jmp T_0.5;
T_0.0 ;
    %load/vec4 v00000254c81a2dd0_0;
    %store/vec4 v00000254c81d67b0_0, 0, 1;
    %jmp T_0.5;
T_0.1 ;
    %load/vec4 v00000254c81a2b20_0;
    %store/vec4 v00000254c81d67b0_0, 0, 1;
    %jmp T_0.5;
T_0.2 ;
    %load/vec4 v00000254c82ebe50_0;
    %store/vec4 v00000254c81d67b0_0, 0, 1;
    %jmp T_0.5;
T_0.3 ;
    %load/vec4 v00000254c82ebef0_0;
    %store/vec4 v00000254c81d67b0_0, 0, 1;
    %jmp T_0.5;
T_0.5 ;
    %pop/vec4 1;
    %jmp T_0;
    .thread T_0, $push;
    .scope S_00000254c81d63f0;
T_1 ;
    %pushi/vec4 0, 0, 1;
    %store/vec4 v00000254c81d3df0_0, 0, 1;
    %pushi/vec4 1, 0, 1;
    %store/vec4 v00000254c81d3e90_0, 0, 1;
    %pushi/vec4 0, 0, 1;
    %store/vec4 v00000254c81d3f30_0, 0, 1;
    %pushi/vec4 1, 0, 1;
    %store/vec4 v00000254c81d3fd0_0, 0, 1;
    %pushi/vec4 0, 0, 2;
    %store/vec4 v00000254c81d4070_0, 0, 2;
    %delay 10, 0;
    %pushi/vec4 1, 0, 2;
    %store/vec4 v00000254c81d4070_0, 0, 2;
    %delay 10, 0;
    %pushi/vec4 2, 0, 2;
    %store/vec4 v00000254c81d4070_0, 0, 2;
    %delay 10, 0;
    %pushi/vec4 3, 0, 2;
    %store/vec4 v00000254c81d4070_0, 0, 2;
    %delay 10, 0;
    %vpi_call 2 29 "$finish" {0 0 0};
    %end;
    .thread T_1;
    .scope S_00000254c81d63f0;
T_2 ;
    %vpi_call 2 34 "$dumpfile", "dump.vcd" {0 0 0};
    %vpi_call 2 35 "$dumpvars", 32'sb00000000000000000000000000000000, S_00000254c81d63f0 {0 0 0};
    %end;
    .thread T_2;
# The file index is used to find the file name in the following table.
:file_names 4;
    "N/A";
    "<interactive>";
    "tb_mux4x1.v";
    "mux4x1.v";
