#! /c/Source/iverilog-install/bin/vvp
:ivl_version "12.0 (devel)" "(s20150603-1110-g18392a46)";
:ivl_delay_selection "TYPICAL";
:vpi_time_precision + 0;
:vpi_module "C:\Users\sachi\iverilog\lib\ivl\system.vpi";
:vpi_module "C:\Users\sachi\iverilog\lib\ivl\vhdl_sys.vpi";
:vpi_module "C:\Users\sachi\iverilog\lib\ivl\vhdl_textio.vpi";
:vpi_module "C:\Users\sachi\iverilog\lib\ivl\v2005_math.vpi";
:vpi_module "C:\Users\sachi\iverilog\lib\ivl\va_math.vpi";
S_0000022de3b3d2d0 .scope module, "tb_uart_tx" "tb_uart_tx" 2 1;
 .timescale 0 0;
v0000022de3c4deb0_0 .net "baud_tick", 0 0, v0000022de3b3bc40_0;  1 drivers
v0000022de3bf3630_0 .var "clk", 0 0;
v0000022de3bf3810_0 .var "rst", 0 0;
v0000022de3bf2c30_0 .net "tx", 0 0, v0000022de3c4dc30_0;  1 drivers
v0000022de3bf3310_0 .net "tx_busy", 0 0, v0000022de3c4dcd0_0;  1 drivers
v0000022de3bf2b90_0 .var "tx_data", 7 0;
v0000022de3bf3590_0 .var "tx_start", 0 0;
S_0000022de3b3d460 .scope module, "BG" "baud_gen" 2 13, 3 1 0, S_0000022de3b3d2d0;
 .timescale 0 0;
    .port_info 0 /INPUT 1 "clk";
    .port_info 1 /INPUT 1 "rst";
    .port_info 2 /OUTPUT 1 "tick";
P_0000022de3b3bb90 .param/l "BAUD" 0 3 3, +C4<00000000000000000010010110000000>;
P_0000022de3b3bbc8 .param/l "BAUD_DIV" 1 3 10, +C4<00000000000000000000000001101000>;
P_0000022de3b3bc00 .param/l "CLK_FREQ" 0 3 2, +C4<00000000000011110100001001000000>;
v0000022de3b3ba70_0 .net "clk", 0 0, v0000022de3bf3630_0;  1 drivers
v0000022de3bc2f40_0 .var/i "count", 31 0;
v0000022de3bc2dc0_0 .net "rst", 0 0, v0000022de3bf3810_0;  1 drivers
v0000022de3b3bc40_0 .var "tick", 0 0;
E_0000022de3be81d0 .event posedge, v0000022de3b3ba70_0;
S_0000022de3b3d5f0 .scope module, "DUT" "uart_tx" 2 19, 4 1 0, S_0000022de3b3d2d0;
 .timescale 0 0;
    .port_info 0 /INPUT 1 "clk";
    .port_info 1 /INPUT 1 "rst";
    .port_info 2 /INPUT 1 "tx_start";
    .port_info 3 /INPUT 8 "tx_data";
    .port_info 4 /INPUT 1 "baud_tick";
    .port_info 5 /OUTPUT 1 "tx";
    .port_info 6 /OUTPUT 1 "tx_busy";
P_0000022de3bc2b20 .param/l "DATA" 0 4 13, C4<10>;
P_0000022de3bc2b58 .param/l "IDLE" 0 4 11, C4<00>;
P_0000022de3bc2b90 .param/l "START" 0 4 12, C4<01>;
P_0000022de3bc2bc8 .param/l "STOP" 0 4 14, C4<11>;
v0000022de3c4d870_0 .net "baud_tick", 0 0, v0000022de3b3bc40_0;  alias, 1 drivers
v0000022de3c4d910_0 .var "bit_index", 2 0;
v0000022de3c4d9b0_0 .net "clk", 0 0, v0000022de3bf3630_0;  alias, 1 drivers
v0000022de3c4da50_0 .var "data_reg", 7 0;
v0000022de3c4daf0_0 .net "rst", 0 0, v0000022de3bf3810_0;  alias, 1 drivers
v0000022de3c4db90_0 .var "state", 1 0;
v0000022de3c4dc30_0 .var "tx", 0 0;
v0000022de3c4dcd0_0 .var "tx_busy", 0 0;
v0000022de3c4dd70_0 .net "tx_data", 7 0, v0000022de3bf2b90_0;  1 drivers
v0000022de3c4de10_0 .net "tx_start", 0 0, v0000022de3bf3590_0;  1 drivers
    .scope S_0000022de3b3d460;
T_0 ;
    %wait E_0000022de3be81d0;
    %load/vec4 v0000022de3bc2dc0_0;
    %flag_set/vec4 8;
    %jmp/0xz  T_0.0, 8;
    %pushi/vec4 0, 0, 32;
    %assign/vec4 v0000022de3bc2f40_0, 0;
    %pushi/vec4 0, 0, 1;
    %assign/vec4 v0000022de3b3bc40_0, 0;
    %jmp T_0.1;
T_0.0 ;
    %load/vec4 v0000022de3bc2f40_0;
    %cmpi/e 103, 0, 32;
    %jmp/0xz  T_0.2, 4;
    %pushi/vec4 0, 0, 32;
    %assign/vec4 v0000022de3bc2f40_0, 0;
    %pushi/vec4 1, 0, 1;
    %assign/vec4 v0000022de3b3bc40_0, 0;
    %jmp T_0.3;
T_0.2 ;
    %load/vec4 v0000022de3bc2f40_0;
    %addi 1, 0, 32;
    %assign/vec4 v0000022de3bc2f40_0, 0;
    %pushi/vec4 0, 0, 1;
    %assign/vec4 v0000022de3b3bc40_0, 0;
T_0.3 ;
T_0.1 ;
    %jmp T_0;
    .thread T_0;
    .scope S_0000022de3b3d5f0;
T_1 ;
    %wait E_0000022de3be81d0;
    %load/vec4 v0000022de3c4daf0_0;
    %flag_set/vec4 8;
    %jmp/0xz  T_1.0, 8;
    %pushi/vec4 0, 0, 2;
    %assign/vec4 v0000022de3c4db90_0, 0;
    %pushi/vec4 1, 0, 1;
    %assign/vec4 v0000022de3c4dc30_0, 0;
    %pushi/vec4 0, 0, 1;
    %assign/vec4 v0000022de3c4dcd0_0, 0;
    %pushi/vec4 0, 0, 3;
    %assign/vec4 v0000022de3c4d910_0, 0;
    %jmp T_1.1;
T_1.0 ;
    %load/vec4 v0000022de3c4d870_0;
    %flag_set/vec4 8;
    %jmp/0xz  T_1.2, 8;
    %load/vec4 v0000022de3c4db90_0;
    %dup/vec4;
    %pushi/vec4 0, 0, 2;
    %cmp/u;
    %jmp/1 T_1.4, 6;
    %dup/vec4;
    %pushi/vec4 1, 0, 2;
    %cmp/u;
    %jmp/1 T_1.5, 6;
    %dup/vec4;
    %pushi/vec4 2, 0, 2;
    %cmp/u;
    %jmp/1 T_1.6, 6;
    %dup/vec4;
    %pushi/vec4 3, 0, 2;
    %cmp/u;
    %jmp/1 T_1.7, 6;
    %jmp T_1.8;
T_1.4 ;
    %pushi/vec4 1, 0, 1;
    %assign/vec4 v0000022de3c4dc30_0, 0;
    %pushi/vec4 0, 0, 1;
    %assign/vec4 v0000022de3c4dcd0_0, 0;
    %load/vec4 v0000022de3c4de10_0;
    %flag_set/vec4 8;
    %jmp/0xz  T_1.9, 8;
    %load/vec4 v0000022de3c4dd70_0;
    %assign/vec4 v0000022de3c4da50_0, 0;
    %pushi/vec4 1, 0, 2;
    %assign/vec4 v0000022de3c4db90_0, 0;
    %pushi/vec4 1, 0, 1;
    %assign/vec4 v0000022de3c4dcd0_0, 0;
T_1.9 ;
    %jmp T_1.8;
T_1.5 ;
    %pushi/vec4 0, 0, 1;
    %assign/vec4 v0000022de3c4dc30_0, 0;
    %pushi/vec4 2, 0, 2;
    %assign/vec4 v0000022de3c4db90_0, 0;
    %pushi/vec4 0, 0, 3;
    %assign/vec4 v0000022de3c4d910_0, 0;
    %jmp T_1.8;
T_1.6 ;
    %load/vec4 v0000022de3c4da50_0;
    %load/vec4 v0000022de3c4d910_0;
    %part/u 1;
    %assign/vec4 v0000022de3c4dc30_0, 0;
    %load/vec4 v0000022de3c4d910_0;
    %pad/u 32;
    %cmpi/e 7, 0, 32;
    %jmp/0xz  T_1.11, 4;
    %pushi/vec4 3, 0, 2;
    %assign/vec4 v0000022de3c4db90_0, 0;
    %jmp T_1.12;
T_1.11 ;
    %load/vec4 v0000022de3c4d910_0;
    %addi 1, 0, 3;
    %assign/vec4 v0000022de3c4d910_0, 0;
T_1.12 ;
    %jmp T_1.8;
T_1.7 ;
    %pushi/vec4 1, 0, 1;
    %assign/vec4 v0000022de3c4dc30_0, 0;
    %pushi/vec4 0, 0, 2;
    %assign/vec4 v0000022de3c4db90_0, 0;
    %jmp T_1.8;
T_1.8 ;
    %pop/vec4 1;
T_1.2 ;
T_1.1 ;
    %jmp T_1;
    .thread T_1;
    .scope S_0000022de3b3d2d0;
T_2 ;
    %delay 5, 0;
    %load/vec4 v0000022de3bf3630_0;
    %inv;
    %store/vec4 v0000022de3bf3630_0, 0, 1;
    %jmp T_2;
    .thread T_2;
    .scope S_0000022de3b3d2d0;
T_3 ;
    %vpi_call 2 33 "$dumpfile", "uart_tx.vcd" {0 0 0};
    %vpi_call 2 34 "$dumpvars", 32'sb00000000000000000000000000000000, S_0000022de3b3d2d0 {0 0 0};
    %pushi/vec4 0, 0, 1;
    %store/vec4 v0000022de3bf3630_0, 0, 1;
    %pushi/vec4 1, 0, 1;
    %store/vec4 v0000022de3bf3810_0, 0, 1;
    %pushi/vec4 0, 0, 1;
    %store/vec4 v0000022de3bf3590_0, 0, 1;
    %pushi/vec4 0, 0, 8;
    %store/vec4 v0000022de3bf2b90_0, 0, 8;
    %delay 20, 0;
    %pushi/vec4 0, 0, 1;
    %store/vec4 v0000022de3bf3810_0, 0, 1;
    %delay 20, 0;
    %pushi/vec4 65, 0, 8;
    %store/vec4 v0000022de3bf2b90_0, 0, 8;
    %pushi/vec4 1, 0, 1;
    %store/vec4 v0000022de3bf3590_0, 0, 1;
    %delay 10, 0;
    %pushi/vec4 0, 0, 1;
    %store/vec4 v0000022de3bf3590_0, 0, 1;
    %delay 200000, 0;
    %vpi_call 2 48 "$finish" {0 0 0};
    %end;
    .thread T_3;
# The file index is used to find the file name in the following table.
:file_names 5;
    "N/A";
    "<interactive>";
    "tb_uart_tx.v";
    "baud_gen.v";
    "uart_tx.v";
