#! /c/Source/iverilog-install/bin/vvp
:ivl_version "12.0 (devel)" "(s20150603-1110-g18392a46)";
:ivl_delay_selection "TYPICAL";
:vpi_time_precision + 0;
:vpi_module "C:\Users\sachi\iverilog\lib\ivl\system.vpi";
:vpi_module "C:\Users\sachi\iverilog\lib\ivl\vhdl_sys.vpi";
:vpi_module "C:\Users\sachi\iverilog\lib\ivl\vhdl_textio.vpi";
:vpi_module "C:\Users\sachi\iverilog\lib\ivl\v2005_math.vpi";
:vpi_module "C:\Users\sachi\iverilog\lib\ivl\va_math.vpi";
S_000001cf61885820 .scope module, "tb_full_adder" "tb_full_adder" 2 1;
 .timescale 0 0;
v000001cf61883cf0_0 .var "a", 0 0;
v000001cf61883430_0 .var "b", 0 0;
v000001cf61883b10_0 .var "cin", 0 0;
v000001cf61883c50_0 .net "cout", 0 0, L_000001cf618cf990;  1 drivers
v000001cf61883570_0 .net "sum", 0 0, L_000001cf61852bc0;  1 drivers
S_000001cf618859b0 .scope module, "DUT" "full_adder" 2 6, 3 1 0, S_000001cf61885820;
 .timescale 0 0;
    .port_info 0 /INPUT 1 "a";
    .port_info 1 /INPUT 1 "b";
    .port_info 2 /INPUT 1 "cin";
    .port_info 3 /OUTPUT 1 "sum";
    .port_info 4 /OUTPUT 1 "cout";
L_000001cf61885c80 .functor XOR 1, v000001cf61883cf0_0, v000001cf61883430_0, C4<0>, C4<0>;
L_000001cf61852bc0 .functor XOR 1, L_000001cf61885c80, v000001cf61883b10_0, C4<0>, C4<0>;
L_000001cf61852df0 .functor AND 1, v000001cf61883cf0_0, v000001cf61883430_0, C4<1>, C4<1>;
L_000001cf618cfca0 .functor AND 1, v000001cf61883430_0, v000001cf61883b10_0, C4<1>, C4<1>;
L_000001cf618cfa70 .functor OR 1, L_000001cf61852df0, L_000001cf618cfca0, C4<0>, C4<0>;
L_000001cf618cfbc0 .functor AND 1, v000001cf61883cf0_0, v000001cf61883b10_0, C4<1>, C4<1>;
L_000001cf618cf990 .functor OR 1, L_000001cf618cfa70, L_000001cf618cfbc0, C4<0>, C4<0>;
v000001cf61853010_0 .net *"_ivl_0", 0 0, L_000001cf61885c80;  1 drivers
v000001cf61852b20_0 .net *"_ivl_10", 0 0, L_000001cf618cfbc0;  1 drivers
v000001cf61885b40_0 .net *"_ivl_4", 0 0, L_000001cf61852df0;  1 drivers
v000001cf61885be0_0 .net *"_ivl_6", 0 0, L_000001cf618cfca0;  1 drivers
v000001cf6183b820_0 .net *"_ivl_8", 0 0, L_000001cf618cfa70;  1 drivers
v000001cf6183b8c0_0 .net "a", 0 0, v000001cf61883cf0_0;  1 drivers
v000001cf6183b960_0 .net "b", 0 0, v000001cf61883430_0;  1 drivers
v000001cf61883750_0 .net "cin", 0 0, v000001cf61883b10_0;  1 drivers
v000001cf61883a70_0 .net "cout", 0 0, L_000001cf618cf990;  alias, 1 drivers
v000001cf61883930_0 .net "sum", 0 0, L_000001cf61852bc0;  alias, 1 drivers
    .scope S_000001cf61885820;
T_0 ;
    %pushi/vec4 0, 0, 1;
    %store/vec4 v000001cf61883cf0_0, 0, 1;
    %pushi/vec4 0, 0, 1;
    %store/vec4 v000001cf61883430_0, 0, 1;
    %pushi/vec4 0, 0, 1;
    %store/vec4 v000001cf61883b10_0, 0, 1;
    %delay 10, 0;
    %pushi/vec4 0, 0, 1;
    %store/vec4 v000001cf61883cf0_0, 0, 1;
    %pushi/vec4 1, 0, 1;
    %store/vec4 v000001cf61883430_0, 0, 1;
    %pushi/vec4 0, 0, 1;
    %store/vec4 v000001cf61883b10_0, 0, 1;
    %delay 10, 0;
    %pushi/vec4 1, 0, 1;
    %store/vec4 v000001cf61883cf0_0, 0, 1;
    %pushi/vec4 0, 0, 1;
    %store/vec4 v000001cf61883430_0, 0, 1;
    %pushi/vec4 1, 0, 1;
    %store/vec4 v000001cf61883b10_0, 0, 1;
    %delay 10, 0;
    %pushi/vec4 1, 0, 1;
    %store/vec4 v000001cf61883cf0_0, 0, 1;
    %pushi/vec4 1, 0, 1;
    %store/vec4 v000001cf61883430_0, 0, 1;
    %pushi/vec4 1, 0, 1;
    %store/vec4 v000001cf61883b10_0, 0, 1;
    %delay 10, 0;
    %vpi_call 2 19 "$finish" {0 0 0};
    %end;
    .thread T_0;
# The file index is used to find the file name in the following table.
:file_names 4;
    "N/A";
    "<interactive>";
    "tb_full_adder.v";
    "full_adder.v";
